{"/home/administrator/erp/frontend/src/composables/useBatchDelete.ts": {"path":"/home/administrator/erp/frontend/src/composables/useBatchDelete.ts","statementMap":{"0":{"start":{"line":16,"column":8},"end":{"line":16,"column":null}},"1":{"start":{"line":17,"column":8},"end":{"line":17,"column":null}},"2":{"start":{"line":19,"column":17},"end":{"line":27,"column":null}},"3":{"start":{"line":29,"column":8},"end":{"line":31,"column":null}},"4":{"start":{"line":30,"column":4},"end":{"line":30,"column":null}},"5":{"start":{"line":33,"column":22},"end":{"line":71,"column":null}},"6":{"start":{"line":34,"column":4},"end":{"line":37,"column":null}},"7":{"start":{"line":35,"column":6},"end":{"line":35,"column":null}},"8":{"start":{"line":36,"column":6},"end":{"line":36,"column":null}},"9":{"start":{"line":39,"column":4},"end":{"line":70,"column":null}},"10":{"start":{"line":40,"column":6},"end":{"line":48,"column":null}},"11":{"start":{"line":50,"column":6},"end":{"line":50,"column":null}},"12":{"start":{"line":51,"column":18},"end":{"line":51,"column":null}},"13":{"start":{"line":51,"column":48},"end":{"line":51,"column":67}},"14":{"start":{"line":53,"column":29},"end":{"line":55,"column":null}},"15":{"start":{"line":54,"column":8},"end":{"line":54,"column":null}},"16":{"start":{"line":57,"column":6},"end":{"line":57,"column":null}},"17":{"start":{"line":59,"column":6},"end":{"line":59,"column":null}},"18":{"start":{"line":60,"column":6},"end":{"line":60,"column":null}},"19":{"start":{"line":61,"column":6},"end":{"line":61,"column":null}},"20":{"start":{"line":63,"column":6},"end":{"line":67,"column":null}},"21":{"start":{"line":64,"column":8},"end":{"line":64,"column":null}},"22":{"start":{"line":65,"column":8},"end":{"line":65,"column":null}},"23":{"start":{"line":66,"column":8},"end":{"line":66,"column":null}},"24":{"start":{"line":69,"column":6},"end":{"line":69,"column":null}},"25":{"start":{"line":73,"column":20},"end":{"line":99,"column":null}},"26":{"start":{"line":74,"column":4},"end":{"line":98,"column":null}},"27":{"start":{"line":75,"column":6},"end":{"line":83,"column":null}},"28":{"start":{"line":85,"column":6},"end":{"line":85,"column":null}},"29":{"start":{"line":86,"column":6},"end":{"line":86,"column":null}},"30":{"start":{"line":88,"column":6},"end":{"line":88,"column":null}},"31":{"start":{"line":89,"column":6},"end":{"line":89,"column":null}},"32":{"start":{"line":91,"column":6},"end":{"line":95,"column":null}},"33":{"start":{"line":92,"column":8},"end":{"line":92,"column":null}},"34":{"start":{"line":93,"column":8},"end":{"line":93,"column":null}},"35":{"start":{"line":94,"column":8},"end":{"line":94,"column":null}},"36":{"start":{"line":97,"column":6},"end":{"line":97,"column":null}},"37":{"start":{"line":101,"column":2},"end":{"line":107,"column":null}}},"fnMap":{"0":{"name":"useBatchDelete","decl":{"start":{"line":15,"column":16},"end":{"line":15,"column":31}},"loc":{"start":{"line":15,"column":86},"end":{"line":108,"column":null}},"line":15},"1":{"name":"(anonymous_1)","decl":{"start":{"line":25,"column":23},"end":{"line":25,"column":43}},"loc":{"start":{"line":25,"column":43},"end":{"line":25,"column":null}},"line":25},"2":{"name":"(anonymous_2)","decl":{"start":{"line":26,"column":21},"end":{"line":26,"column":39}},"loc":{"start":{"line":26,"column":39},"end":{"line":26,"column":null}},"line":26},"3":{"name":"(anonymous_3)","decl":{"start":{"line":29,"column":8},"end":{"line":29,"column":33}},"loc":{"start":{"line":29,"column":49},"end":{"line":31,"column":null}},"line":29},"4":{"name":"(anonymous_4)","decl":{"start":{"line":33,"column":22},"end":{"line":33,"column":49}},"loc":{"start":{"line":33,"column":49},"end":{"line":71,"column":null}},"line":33},"5":{"name":"(anonymous_5)","decl":{"start":{"line":51,"column":37},"end":{"line":51,"column":41}},"loc":{"start":{"line":51,"column":48},"end":{"line":51,"column":67}},"line":51},"6":{"name":"(anonymous_6)","decl":{"start":{"line":53,"column":33},"end":{"line":53,"column":37}},"loc":{"start":{"line":54,"column":8},"end":{"line":54,"column":null}},"line":54},"7":{"name":"(anonymous_7)","decl":{"start":{"line":73,"column":20},"end":{"line":73,"column":27}},"loc":{"start":{"line":73,"column":55},"end":{"line":99,"column":null}},"line":73}},"branchMap":{"0":{"loc":{"start":{"line":15,"column":52},"end":{"line":15,"column":86}},"type":"default-arg","locations":[{"start":{"line":15,"column":82},"end":{"line":15,"column":86}}],"line":15},"1":{"loc":{"start":{"line":20,"column":18},"end":{"line":20,"column":null}},"type":"binary-expr","locations":[{"start":{"line":20,"column":18},"end":{"line":20,"column":42}},{"start":{"line":20,"column":42},"end":{"line":20,"column":null}}],"line":20},"2":{"loc":{"start":{"line":21,"column":20},"end":{"line":21,"column":null}},"type":"binary-expr","locations":[{"start":{"line":21,"column":20},"end":{"line":21,"column":46}},{"start":{"line":21,"column":46},"end":{"line":21,"column":null}}],"line":21},"3":{"loc":{"start":{"line":22,"column":20},"end":{"line":22,"column":null}},"type":"binary-expr","locations":[{"start":{"line":22,"column":20},"end":{"line":22,"column":46}},{"start":{"line":22,"column":46},"end":{"line":22,"column":null}}],"line":22},"4":{"loc":{"start":{"line":23,"column":18},"end":{"line":23,"column":null}},"type":"binary-expr","locations":[{"start":{"line":23,"column":18},"end":{"line":23,"column":42}},{"start":{"line":23,"column":42},"end":{"line":23,"column":null}}],"line":23},"5":{"loc":{"start":{"line":24,"column":13},"end":{"line":24,"column":null}},"type":"binary-expr","locations":[{"start":{"line":24,"column":13},"end":{"line":24,"column":32}},{"start":{"line":24,"column":32},"end":{"line":24,"column":null}}],"line":24},"6":{"loc":{"start":{"line":25,"column":15},"end":{"line":25,"column":null}},"type":"binary-expr","locations":[{"start":{"line":25,"column":15},"end":{"line":25,"column":43}},{"start":{"line":25,"column":23},"end":{"line":25,"column":null}}],"line":25},"7":{"loc":{"start":{"line":26,"column":13},"end":{"line":26,"column":null}},"type":"binary-expr","locations":[{"start":{"line":26,"column":13},"end":{"line":26,"column":39}},{"start":{"line":26,"column":21},"end":{"line":26,"column":null}}],"line":26},"8":{"loc":{"start":{"line":34,"column":4},"end":{"line":37,"column":null}},"type":"if","locations":[{"start":{"line":34,"column":4},"end":{"line":37,"column":null}},{"start":{},"end":{}}],"line":34},"9":{"loc":{"start":{"line":63,"column":6},"end":{"line":67,"column":null}},"type":"if","locations":[{"start":{"line":63,"column":6},"end":{"line":67,"column":null}},{"start":{},"end":{}}],"line":63},"10":{"loc":{"start":{"line":91,"column":6},"end":{"line":95,"column":null}},"type":"if","locations":[{"start":{"line":91,"column":6},"end":{"line":95,"column":null}},{"start":{},"end":{}}],"line":91}},"s":{"0":8,"1":8,"2":8,"3":8,"4":5,"5":8,"6":5,"7":1,"8":1,"9":4,"10":4,"11":4,"12":4,"13":7,"14":4,"15":7,"16":4,"17":3,"18":3,"19":3,"20":1,"21":1,"22":1,"23":1,"24":4,"25":8,"26":1,"27":1,"28":1,"29":1,"30":1,"31":1,"32":0,"33":0,"34":0,"35":0,"36":1,"37":8},"f":{"0":8,"1":2,"2":0,"3":5,"4":5,"5":7,"6":7,"7":1},"b":{"0":[8],"1":[8,8],"2":[8,8],"3":[8,8],"4":[8,8],"5":[8,7],"6":[8,2],"7":[8,0],"8":[1,4],"9":[1,0],"10":[0,0]},"meta":{"lastBranch":11,"lastFunction":8,"lastStatement":38,"seen":{"f:15:16:15:31":0,"b:15:82:15:86":0,"s:16:8:16:Infinity":0,"s:17:8:17:Infinity":1,"s:19:17:27:Infinity":2,"b:20:18:20:42:20:42:20:Infinity":1,"b:21:20:21:46:21:46:21:Infinity":2,"b:22:20:22:46:22:46:22:Infinity":3,"b:23:18:23:42:23:42:23:Infinity":4,"b:24:13:24:32:24:32:24:Infinity":5,"b:25:15:25:43:25:23:25:Infinity":6,"f:25:23:25:43":1,"b:26:13:26:39:26:21:26:Infinity":7,"f:26:21:26:39":2,"s:29:8:31:Infinity":3,"f:29:8:29:33":3,"s:30:4:30:Infinity":4,"s:33:22:71:Infinity":5,"f:33:22:33:49":4,"b:34:4:37:Infinity:undefined:undefined:undefined:undefined":8,"s:34:4:37:Infinity":6,"s:35:6:35:Infinity":7,"s:36:6:36:Infinity":8,"s:39:4:70:Infinity":9,"s:40:6:48:Infinity":10,"s:50:6:50:Infinity":11,"s:51:18:51:Infinity":12,"f:51:37:51:41":5,"s:51:48:51:67":13,"s:53:29:55:Infinity":14,"f:53:33:53:37":6,"s:54:8:54:Infinity":15,"s:57:6:57:Infinity":16,"s:59:6:59:Infinity":17,"s:60:6:60:Infinity":18,"s:61:6:61:Infinity":19,"b:63:6:67:Infinity:undefined:undefined:undefined:undefined":9,"s:63:6:67:Infinity":20,"s:64:8:64:Infinity":21,"s:65:8:65:Infinity":22,"s:66:8:66:Infinity":23,"s:69:6:69:Infinity":24,"s:73:20:99:Infinity":25,"f:73:20:73:27":7,"s:74:4:98:Infinity":26,"s:75:6:83:Infinity":27,"s:85:6:85:Infinity":28,"s:86:6:86:Infinity":29,"s:88:6:88:Infinity":30,"s:89:6:89:Infinity":31,"b:91:6:95:Infinity:undefined:undefined:undefined:undefined":10,"s:91:6:95:Infinity":32,"s:92:8:92:Infinity":33,"s:93:8:93:Infinity":34,"s:94:8:94:Infinity":35,"s:97:6:97:Infinity":36,"s:101:2:107:Infinity":37}}}
,"/home/administrator/erp/frontend/src/composables/useBatchOperation.ts": {"path":"/home/administrator/erp/frontend/src/composables/useBatchOperation.ts","statementMap":{"0":{"start":{"line":16,"column":8},"end":{"line":16,"column":null}},"1":{"start":{"line":17,"column":8},"end":{"line":17,"column":null}},"2":{"start":{"line":19,"column":17},"end":{"line":27,"column":null}},"3":{"start":{"line":29,"column":8},"end":{"line":29,"column":null}},"4":{"start":{"line":29,"column":39},"end":{"line":29,"column":64}},"5":{"start":{"line":31,"column":8},"end":{"line":33,"column":null}},"6":{"start":{"line":32,"column":4},"end":{"line":32,"column":null}},"7":{"start":{"line":35,"column":8},"end":{"line":37,"column":null}},"8":{"start":{"line":36,"column":4},"end":{"line":36,"column":null}},"9":{"start":{"line":39,"column":8},"end":{"line":41,"column":null}},"10":{"start":{"line":40,"column":4},"end":{"line":40,"column":null}},"11":{"start":{"line":40,"column":41},"end":{"line":40,"column":60}},"12":{"start":{"line":43,"column":22},"end":{"line":69,"column":null}},"13":{"start":{"line":44,"column":4},"end":{"line":47,"column":null}},"14":{"start":{"line":45,"column":6},"end":{"line":45,"column":null}},"15":{"start":{"line":46,"column":6},"end":{"line":46,"column":null}},"16":{"start":{"line":48,"column":4},"end":{"line":68,"column":null}},"17":{"start":{"line":49,"column":6},"end":{"line":53,"column":null}},"18":{"start":{"line":54,"column":6},"end":{"line":54,"column":null}},"19":{"start":{"line":55,"column":18},"end":{"line":55,"column":null}},"20":{"start":{"line":56,"column":6},"end":{"line":56,"column":null}},"21":{"start":{"line":56,"column":38},"end":{"line":56,"column":76}},"22":{"start":{"line":57,"column":6},"end":{"line":57,"column":null}},"23":{"start":{"line":58,"column":6},"end":{"line":58,"column":null}},"24":{"start":{"line":59,"column":6},"end":{"line":59,"column":null}},"25":{"start":{"line":61,"column":6},"end":{"line":65,"column":null}},"26":{"start":{"line":62,"column":8},"end":{"line":62,"column":null}},"27":{"start":{"line":63,"column":8},"end":{"line":63,"column":null}},"28":{"start":{"line":64,"column":8},"end":{"line":64,"column":null}},"29":{"start":{"line":67,"column":6},"end":{"line":67,"column":null}},"30":{"start":{"line":71,"column":20},"end":{"line":88,"column":null}},"31":{"start":{"line":72,"column":4},"end":{"line":87,"column":null}},"32":{"start":{"line":73,"column":6},"end":{"line":75,"column":null}},"33":{"start":{"line":76,"column":6},"end":{"line":76,"column":null}},"34":{"start":{"line":77,"column":6},"end":{"line":77,"column":null}},"35":{"start":{"line":78,"column":6},"end":{"line":78,"column":null}},"36":{"start":{"line":79,"column":6},"end":{"line":79,"column":null}},"37":{"start":{"line":81,"column":6},"end":{"line":84,"column":null}},"38":{"start":{"line":82,"column":8},"end":{"line":82,"column":null}},"39":{"start":{"line":83,"column":8},"end":{"line":83,"column":null}},"40":{"start":{"line":86,"column":6},"end":{"line":86,"column":null}},"41":{"start":{"line":90,"column":8},"end":{"line":113,"column":null}},"42":{"start":{"line":91,"column":4},"end":{"line":94,"column":null}},"43":{"start":{"line":92,"column":6},"end":{"line":92,"column":null}},"44":{"start":{"line":93,"column":6},"end":{"line":93,"column":null}},"45":{"start":{"line":95,"column":17},"end":{"line":95,"column":null}},"46":{"start":{"line":96,"column":20},"end":{"line":96,"column":null}},"47":{"start":{"line":97,"column":20},"end":{"line":97,"column":null}},"48":{"start":{"line":98,"column":4},"end":{"line":103,"column":null}},"49":{"start":{"line":99,"column":6},"end":{"line":102,"column":null}},"50":{"start":{"line":100,"column":20},"end":{"line":100,"column":null}},"51":{"start":{"line":101,"column":8},"end":{"line":101,"column":null}},"52":{"start":{"line":104,"column":16},"end":{"line":104,"column":null}},"53":{"start":{"line":105,"column":17},"end":{"line":105,"column":null}},"54":{"start":{"line":106,"column":16},"end":{"line":106,"column":null}},"55":{"start":{"line":107,"column":17},"end":{"line":107,"column":null}},"56":{"start":{"line":108,"column":4},"end":{"line":108,"column":null}},"57":{"start":{"line":109,"column":4},"end":{"line":109,"column":null}},"58":{"start":{"line":110,"column":4},"end":{"line":110,"column":null}},"59":{"start":{"line":111,"column":4},"end":{"line":111,"column":null}},"60":{"start":{"line":112,"column":4},"end":{"line":112,"column":null}},"61":{"start":{"line":115,"column":28},"end":{"line":142,"column":null}},"62":{"start":{"line":116,"column":4},"end":{"line":119,"column":null}},"63":{"start":{"line":117,"column":6},"end":{"line":117,"column":null}},"64":{"start":{"line":118,"column":6},"end":{"line":118,"column":null}},"65":{"start":{"line":120,"column":4},"end":{"line":141,"column":null}},"66":{"start":{"line":121,"column":6},"end":{"line":125,"column":null}},"67":{"start":{"line":126,"column":6},"end":{"line":126,"column":null}},"68":{"start":{"line":127,"column":18},"end":{"line":127,"column":null}},"69":{"start":{"line":128,"column":6},"end":{"line":130,"column":null}},"70":{"start":{"line":129,"column":8},"end":{"line":129,"column":null}},"71":{"start":{"line":131,"column":6},"end":{"line":131,"column":null}},"72":{"start":{"line":132,"column":6},"end":{"line":132,"column":null}},"73":{"start":{"line":133,"column":6},"end":{"line":133,"column":null}},"74":{"start":{"line":135,"column":6},"end":{"line":138,"column":null}},"75":{"start":{"line":136,"column":8},"end":{"line":136,"column":null}},"76":{"start":{"line":137,"column":8},"end":{"line":137,"column":null}},"77":{"start":{"line":140,"column":6},"end":{"line":140,"column":null}},"78":{"start":{"line":144,"column":2},"end":{"line":155,"column":null}}},"fnMap":{"0":{"name":"useBatchOperation","decl":{"start":{"line":15,"column":16},"end":{"line":15,"column":34}},"loc":{"start":{"line":15,"column":92},"end":{"line":156,"column":null}},"line":15},"1":{"name":"(anonymous_1)","decl":{"start":{"line":25,"column":23},"end":{"line":25,"column":43}},"loc":{"start":{"line":25,"column":43},"end":{"line":25,"column":null}},"line":25},"2":{"name":"(anonymous_2)","decl":{"start":{"line":26,"column":21},"end":{"line":26,"column":39}},"loc":{"start":{"line":26,"column":39},"end":{"line":26,"column":null}},"line":26},"3":{"name":"(anonymous_3)","decl":{"start":{"line":29,"column":24},"end":{"line":29,"column":39}},"loc":{"start":{"line":29,"column":39},"end":{"line":29,"column":64}},"line":29},"4":{"name":"(anonymous_4)","decl":{"start":{"line":31,"column":8},"end":{"line":31,"column":33}},"loc":{"start":{"line":31,"column":49},"end":{"line":33,"column":null}},"line":31},"5":{"name":"(anonymous_5)","decl":{"start":{"line":35,"column":8},"end":{"line":35,"column":31}},"loc":{"start":{"line":35,"column":31},"end":{"line":37,"column":null}},"line":35},"6":{"name":"(anonymous_6)","decl":{"start":{"line":39,"column":8},"end":{"line":39,"column":52}},"loc":{"start":{"line":39,"column":52},"end":{"line":41,"column":null}},"line":39},"7":{"name":"(anonymous_7)","decl":{"start":{"line":40,"column":30},"end":{"line":40,"column":34}},"loc":{"start":{"line":40,"column":41},"end":{"line":40,"column":60}},"line":40},"8":{"name":"(anonymous_8)","decl":{"start":{"line":43,"column":22},"end":{"line":43,"column":49}},"loc":{"start":{"line":43,"column":49},"end":{"line":69,"column":null}},"line":43},"9":{"name":"(anonymous_9)","decl":{"start":{"line":56,"column":28},"end":{"line":56,"column":32}},"loc":{"start":{"line":56,"column":38},"end":{"line":56,"column":76}},"line":56},"10":{"name":"(anonymous_10)","decl":{"start":{"line":71,"column":20},"end":{"line":71,"column":27}},"loc":{"start":{"line":71,"column":55},"end":{"line":88,"column":null}},"line":71},"11":{"name":"(anonymous_11)","decl":{"start":{"line":90,"column":8},"end":{"line":90,"column":34}},"loc":{"start":{"line":90,"column":34},"end":{"line":113,"column":null}},"line":90},"12":{"name":"(anonymous_12)","decl":{"start":{"line":98,"column":9},"end":{"line":98,"column":17}},"loc":{"start":{"line":98,"column":24},"end":{"line":103,"column":5}},"line":98},"13":{"name":"(anonymous_13)","decl":{"start":{"line":99,"column":27},"end":{"line":99,"column":31}},"loc":{"start":{"line":99,"column":36},"end":{"line":102,"column":7}},"line":99},"14":{"name":"(anonymous_14)","decl":{"start":{"line":115,"column":28},"end":{"line":115,"column":35}},"loc":{"start":{"line":115,"column":96},"end":{"line":142,"column":null}},"line":115},"15":{"name":"(anonymous_15)","decl":{"start":{"line":128,"column":28},"end":{"line":128,"column":32}},"loc":{"start":{"line":129,"column":8},"end":{"line":129,"column":null}},"line":129}},"branchMap":{"0":{"loc":{"start":{"line":15,"column":55},"end":{"line":15,"column":92}},"type":"default-arg","locations":[{"start":{"line":15,"column":88},"end":{"line":15,"column":92}}],"line":15},"1":{"loc":{"start":{"line":20,"column":18},"end":{"line":20,"column":null}},"type":"binary-expr","locations":[{"start":{"line":20,"column":18},"end":{"line":20,"column":42}},{"start":{"line":20,"column":42},"end":{"line":20,"column":null}}],"line":20},"2":{"loc":{"start":{"line":21,"column":20},"end":{"line":21,"column":null}},"type":"binary-expr","locations":[{"start":{"line":21,"column":20},"end":{"line":21,"column":46}},{"start":{"line":21,"column":46},"end":{"line":21,"column":null}}],"line":21},"3":{"loc":{"start":{"line":22,"column":20},"end":{"line":22,"column":null}},"type":"binary-expr","locations":[{"start":{"line":22,"column":20},"end":{"line":22,"column":46}},{"start":{"line":22,"column":46},"end":{"line":22,"column":null}}],"line":22},"4":{"loc":{"start":{"line":23,"column":18},"end":{"line":23,"column":null}},"type":"binary-expr","locations":[{"start":{"line":23,"column":18},"end":{"line":23,"column":42}},{"start":{"line":23,"column":42},"end":{"line":23,"column":null}}],"line":23},"5":{"loc":{"start":{"line":24,"column":13},"end":{"line":24,"column":null}},"type":"binary-expr","locations":[{"start":{"line":24,"column":13},"end":{"line":24,"column":32}},{"start":{"line":24,"column":32},"end":{"line":24,"column":null}}],"line":24},"6":{"loc":{"start":{"line":25,"column":15},"end":{"line":25,"column":null}},"type":"binary-expr","locations":[{"start":{"line":25,"column":15},"end":{"line":25,"column":43}},{"start":{"line":25,"column":23},"end":{"line":25,"column":null}}],"line":25},"7":{"loc":{"start":{"line":26,"column":13},"end":{"line":26,"column":null}},"type":"binary-expr","locations":[{"start":{"line":26,"column":13},"end":{"line":26,"column":39}},{"start":{"line":26,"column":21},"end":{"line":26,"column":null}}],"line":26},"8":{"loc":{"start":{"line":44,"column":4},"end":{"line":47,"column":null}},"type":"if","locations":[{"start":{"line":44,"column":4},"end":{"line":47,"column":null}},{"start":{},"end":{}}],"line":44},"9":{"loc":{"start":{"line":61,"column":6},"end":{"line":65,"column":null}},"type":"if","locations":[{"start":{"line":61,"column":6},"end":{"line":65,"column":null}},{"start":{},"end":{}}],"line":61},"10":{"loc":{"start":{"line":81,"column":6},"end":{"line":84,"column":null}},"type":"if","locations":[{"start":{"line":81,"column":6},"end":{"line":84,"column":null}},{"start":{},"end":{}}],"line":81},"11":{"loc":{"start":{"line":91,"column":4},"end":{"line":94,"column":null}},"type":"if","locations":[{"start":{"line":91,"column":4},"end":{"line":94,"column":null}},{"start":{},"end":{}}],"line":91},"12":{"loc":{"start":{"line":96,"column":32},"end":{"line":96,"column":45}},"type":"binary-expr","locations":[{"start":{"line":96,"column":32},"end":{"line":96,"column":43}},{"start":{"line":96,"column":43},"end":{"line":96,"column":45}}],"line":96},"13":{"loc":{"start":{"line":100,"column":20},"end":{"line":100,"column":null}},"type":"cond-expr","locations":[{"start":{"line":100,"column":37},"end":{"line":100,"column":42}},{"start":{"line":100,"column":42},"end":{"line":100,"column":null}}],"line":100},"14":{"loc":{"start":{"line":115,"column":54},"end":{"line":115,"column":96}},"type":"default-arg","locations":[{"start":{"line":115,"column":68},"end":{"line":115,"column":96}}],"line":115},"15":{"loc":{"start":{"line":116,"column":4},"end":{"line":119,"column":null}},"type":"if","locations":[{"start":{"line":116,"column":4},"end":{"line":119,"column":null}},{"start":{},"end":{}}],"line":116},"16":{"loc":{"start":{"line":135,"column":6},"end":{"line":138,"column":null}},"type":"if","locations":[{"start":{"line":135,"column":6},"end":{"line":138,"column":null}},{"start":{},"end":{}}],"line":135}},"s":{"0":10,"1":10,"2":10,"3":10,"4":2,"5":10,"6":7,"7":10,"8":1,"9":10,"10":4,"11":8,"12":10,"13":1,"14":0,"15":0,"16":1,"17":1,"18":1,"19":1,"20":1,"21":1,"22":1,"23":1,"24":1,"25":0,"26":0,"27":0,"28":0,"29":1,"30":10,"31":0,"32":0,"33":0,"34":0,"35":0,"36":0,"37":0,"38":0,"39":0,"40":0,"41":10,"42":2,"43":1,"44":1,"45":1,"46":1,"47":2,"48":2,"49":2,"50":4,"51":4,"52":2,"53":2,"54":2,"55":2,"56":2,"57":2,"58":2,"59":2,"60":2,"61":10,"62":2,"63":1,"64":1,"65":1,"66":1,"67":1,"68":1,"69":1,"70":2,"71":1,"72":1,"73":1,"74":0,"75":0,"76":0,"77":1,"78":10},"f":{"0":10,"1":1,"2":0,"3":2,"4":7,"5":1,"6":4,"7":8,"8":1,"9":1,"10":0,"11":2,"12":2,"13":4,"14":2,"15":2},"b":{"0":[10],"1":[10,10],"2":[10,10],"3":[10,10],"4":[10,10],"5":[10,9],"6":[10,1],"7":[10,0],"8":[0,1],"9":[0,0],"10":[0,0],"11":[1,1],"12":[1,0],"13":[0,4],"14":[2],"15":[1,1],"16":[0,0]},"meta":{"lastBranch":17,"lastFunction":16,"lastStatement":79,"seen":{"f:15:16:15:34":0,"b:15:88:15:92":0,"s:16:8:16:Infinity":0,"s:17:8:17:Infinity":1,"s:19:17:27:Infinity":2,"b:20:18:20:42:20:42:20:Infinity":1,"b:21:20:21:46:21:46:21:Infinity":2,"b:22:20:22:46:22:46:22:Infinity":3,"b:23:18:23:42:23:42:23:Infinity":4,"b:24:13:24:32:24:32:24:Infinity":5,"b:25:15:25:43:25:23:25:Infinity":6,"f:25:23:25:43":1,"b:26:13:26:39:26:21:26:Infinity":7,"f:26:21:26:39":2,"s:29:8:29:Infinity":3,"f:29:24:29:39":3,"s:29:39:29:64":4,"s:31:8:33:Infinity":5,"f:31:8:31:33":4,"s:32:4:32:Infinity":6,"s:35:8:37:Infinity":7,"f:35:8:35:31":5,"s:36:4:36:Infinity":8,"s:39:8:41:Infinity":9,"f:39:8:39:52":6,"s:40:4:40:Infinity":10,"f:40:30:40:34":7,"s:40:41:40:60":11,"s:43:22:69:Infinity":12,"f:43:22:43:49":8,"b:44:4:47:Infinity:undefined:undefined:undefined:undefined":8,"s:44:4:47:Infinity":13,"s:45:6:45:Infinity":14,"s:46:6:46:Infinity":15,"s:48:4:68:Infinity":16,"s:49:6:53:Infinity":17,"s:54:6:54:Infinity":18,"s:55:18:55:Infinity":19,"s:56:6:56:Infinity":20,"f:56:28:56:32":9,"s:56:38:56:76":21,"s:57:6:57:Infinity":22,"s:58:6:58:Infinity":23,"s:59:6:59:Infinity":24,"b:61:6:65:Infinity:undefined:undefined:undefined:undefined":9,"s:61:6:65:Infinity":25,"s:62:8:62:Infinity":26,"s:63:8:63:Infinity":27,"s:64:8:64:Infinity":28,"s:67:6:67:Infinity":29,"s:71:20:88:Infinity":30,"f:71:20:71:27":10,"s:72:4:87:Infinity":31,"s:73:6:75:Infinity":32,"s:76:6:76:Infinity":33,"s:77:6:77:Infinity":34,"s:78:6:78:Infinity":35,"s:79:6:79:Infinity":36,"b:81:6:84:Infinity:undefined:undefined:undefined:undefined":10,"s:81:6:84:Infinity":37,"s:82:8:82:Infinity":38,"s:83:8:83:Infinity":39,"s:86:6:86:Infinity":40,"s:90:8:113:Infinity":41,"f:90:8:90:34":11,"b:91:4:94:Infinity:undefined:undefined:undefined:undefined":11,"s:91:4:94:Infinity":42,"s:92:6:92:Infinity":43,"s:93:6:93:Infinity":44,"s:95:17:95:Infinity":45,"s:96:20:96:Infinity":46,"b:96:32:96:43:96:43:96:45":12,"s:97:20:97:Infinity":47,"s:98:4:103:Infinity":48,"f:98:9:98:17":12,"s:99:6:102:Infinity":49,"f:99:27:99:31":13,"s:100:20:100:Infinity":50,"b:100:37:100:42:100:42:100:Infinity":13,"s:101:8:101:Infinity":51,"s:104:16:104:Infinity":52,"s:105:17:105:Infinity":53,"s:106:16:106:Infinity":54,"s:107:17:107:Infinity":55,"s:108:4:108:Infinity":56,"s:109:4:109:Infinity":57,"s:110:4:110:Infinity":58,"s:111:4:111:Infinity":59,"s:112:4:112:Infinity":60,"s:115:28:142:Infinity":61,"f:115:28:115:35":14,"b:115:68:115:96":14,"b:116:4:119:Infinity:undefined:undefined:undefined:undefined":15,"s:116:4:119:Infinity":62,"s:117:6:117:Infinity":63,"s:118:6:118:Infinity":64,"s:120:4:141:Infinity":65,"s:121:6:125:Infinity":66,"s:126:6:126:Infinity":67,"s:127:18:127:Infinity":68,"s:128:6:130:Infinity":69,"f:128:28:128:32":15,"s:129:8:129:Infinity":70,"s:131:6:131:Infinity":71,"s:132:6:132:Infinity":72,"s:133:6:133:Infinity":73,"b:135:6:138:Infinity:undefined:undefined:undefined:undefined":16,"s:135:6:138:Infinity":74,"s:136:8:136:Infinity":75,"s:137:8:137:Infinity":76,"s:140:6:140:Infinity":77,"s:144:2:155:Infinity":78}}}
,"/home/administrator/erp/frontend/src/composables/usePermission.ts": {"path":"/home/administrator/erp/frontend/src/composables/usePermission.ts","statementMap":{"0":{"start":{"line":5,"column":8},"end":{"line":5,"column":null}},"1":{"start":{"line":7,"column":8},"end":{"line":9,"column":null}},"2":{"start":{"line":8,"column":4},"end":{"line":8,"column":null}},"3":{"start":{"line":11,"column":8},"end":{"line":13,"column":null}},"4":{"start":{"line":12,"column":4},"end":{"line":12,"column":null}},"5":{"start":{"line":15,"column":8},"end":{"line":17,"column":null}},"6":{"start":{"line":16,"column":4},"end":{"line":16,"column":null}},"7":{"start":{"line":19,"column":8},"end":{"line":32,"column":null}},"8":{"start":{"line":20,"column":4},"end":{"line":20,"column":null}},"9":{"start":{"line":20,"column":23},"end":{"line":20,"column":null}},"10":{"start":{"line":22,"column":4},"end":{"line":29,"column":null}},"11":{"start":{"line":23,"column":27},"end":{"line":23,"column":null}},"12":{"start":{"line":24,"column":6},"end":{"line":24,"column":null}},"13":{"start":{"line":24,"column":41},"end":{"line":24,"column":null}},"14":{"start":{"line":25,"column":6},"end":{"line":27,"column":null}},"15":{"start":{"line":26,"column":8},"end":{"line":26,"column":null}},"16":{"start":{"line":26,"column":47},"end":{"line":26,"column":88}},"17":{"start":{"line":28,"column":6},"end":{"line":28,"column":null}},"18":{"start":{"line":31,"column":4},"end":{"line":31,"column":null}},"19":{"start":{"line":34,"column":8},"end":{"line":36,"column":null}},"20":{"start":{"line":35,"column":4},"end":{"line":35,"column":null}},"21":{"start":{"line":38,"column":8},"end":{"line":40,"column":null}},"22":{"start":{"line":39,"column":4},"end":{"line":39,"column":null}},"23":{"start":{"line":42,"column":8},"end":{"line":44,"column":null}},"24":{"start":{"line":43,"column":4},"end":{"line":43,"column":null}},"25":{"start":{"line":46,"column":8},"end":{"line":53,"column":null}},"26":{"start":{"line":47,"column":4},"end":{"line":47,"column":null}},"27":{"start":{"line":47,"column":23},"end":{"line":47,"column":null}},"28":{"start":{"line":48,"column":4},"end":{"line":48,"column":null}},"29":{"start":{"line":48,"column":21},"end":{"line":48,"column":null}},"30":{"start":{"line":50,"column":25},"end":{"line":50,"column":null}},"31":{"start":{"line":51,"column":4},"end":{"line":51,"column":null}},"32":{"start":{"line":51,"column":39},"end":{"line":51,"column":null}},"33":{"start":{"line":52,"column":4},"end":{"line":52,"column":null}},"34":{"start":{"line":55,"column":2},"end":{"line":64,"column":null}}},"fnMap":{"0":{"name":"usePermission","decl":{"start":{"line":4,"column":16},"end":{"line":4,"column":32}},"loc":{"start":{"line":4,"column":32},"end":{"line":65,"column":null}},"line":4},"1":{"name":"(anonymous_1)","decl":{"start":{"line":7,"column":18},"end":{"line":7,"column":33}},"loc":{"start":{"line":7,"column":33},"end":{"line":9,"column":3}},"line":7},"2":{"name":"(anonymous_2)","decl":{"start":{"line":11,"column":18},"end":{"line":11,"column":33}},"loc":{"start":{"line":11,"column":33},"end":{"line":13,"column":3}},"line":11},"3":{"name":"(anonymous_3)","decl":{"start":{"line":15,"column":26},"end":{"line":15,"column":41}},"loc":{"start":{"line":15,"column":41},"end":{"line":17,"column":3}},"line":15},"4":{"name":"(anonymous_4)","decl":{"start":{"line":19,"column":20},"end":{"line":19,"column":35}},"loc":{"start":{"line":19,"column":35},"end":{"line":32,"column":3}},"line":19},"5":{"name":"(anonymous_5)","decl":{"start":{"line":26,"column":27},"end":{"line":26,"column":33}},"loc":{"start":{"line":26,"column":47},"end":{"line":26,"column":88}},"line":26},"6":{"name":"(anonymous_6)","decl":{"start":{"line":34,"column":18},"end":{"line":34,"column":33}},"loc":{"start":{"line":34,"column":33},"end":{"line":36,"column":3}},"line":34},"7":{"name":"(anonymous_7)","decl":{"start":{"line":38,"column":20},"end":{"line":38,"column":35}},"loc":{"start":{"line":38,"column":35},"end":{"line":40,"column":3}},"line":38},"8":{"name":"(anonymous_8)","decl":{"start":{"line":42,"column":18},"end":{"line":42,"column":33}},"loc":{"start":{"line":42,"column":33},"end":{"line":44,"column":3}},"line":42},"9":{"name":"(anonymous_9)","decl":{"start":{"line":46,"column":8},"end":{"line":46,"column":25}},"loc":{"start":{"line":46,"column":57},"end":{"line":53,"column":null}},"line":46}},"branchMap":{"0":{"loc":{"start":{"line":12,"column":11},"end":{"line":12,"column":null}},"type":"binary-expr","locations":[{"start":{"line":12,"column":11},"end":{"line":12,"column":52}},{"start":{"line":12,"column":52},"end":{"line":12,"column":null}}],"line":12},"1":{"loc":{"start":{"line":20,"column":4},"end":{"line":20,"column":null}},"type":"if","locations":[{"start":{"line":20,"column":4},"end":{"line":20,"column":null}},{"start":{},"end":{}}],"line":20},"2":{"loc":{"start":{"line":22,"column":4},"end":{"line":29,"column":null}},"type":"if","locations":[{"start":{"line":22,"column":4},"end":{"line":29,"column":null}},{"start":{},"end":{}}],"line":22},"3":{"loc":{"start":{"line":23,"column":27},"end":{"line":23,"column":null}},"type":"binary-expr","locations":[{"start":{"line":23,"column":27},"end":{"line":23,"column":70}},{"start":{"line":23,"column":70},"end":{"line":23,"column":null}}],"line":23},"4":{"loc":{"start":{"line":24,"column":6},"end":{"line":24,"column":null}},"type":"if","locations":[{"start":{"line":24,"column":6},"end":{"line":24,"column":null}},{"start":{},"end":{}}],"line":24},"5":{"loc":{"start":{"line":25,"column":6},"end":{"line":27,"column":null}},"type":"if","locations":[{"start":{"line":25,"column":6},"end":{"line":27,"column":null}},{"start":{},"end":{}}],"line":25},"6":{"loc":{"start":{"line":26,"column":47},"end":{"line":26,"column":88}},"type":"binary-expr","locations":[{"start":{"line":26,"column":47},"end":{"line":26,"column":72}},{"start":{"line":26,"column":72},"end":{"line":26,"column":88}}],"line":26},"7":{"loc":{"start":{"line":47,"column":4},"end":{"line":47,"column":null}},"type":"if","locations":[{"start":{"line":47,"column":4},"end":{"line":47,"column":null}},{"start":{},"end":{}}],"line":47},"8":{"loc":{"start":{"line":48,"column":4},"end":{"line":48,"column":null}},"type":"if","locations":[{"start":{"line":48,"column":4},"end":{"line":48,"column":null}},{"start":{},"end":{}}],"line":48},"9":{"loc":{"start":{"line":50,"column":25},"end":{"line":50,"column":null}},"type":"binary-expr","locations":[{"start":{"line":50,"column":25},"end":{"line":50,"column":68}},{"start":{"line":50,"column":68},"end":{"line":50,"column":null}}],"line":50},"10":{"loc":{"start":{"line":51,"column":4},"end":{"line":51,"column":null}},"type":"if","locations":[{"start":{"line":51,"column":4},"end":{"line":51,"column":null}},{"start":{},"end":{}}],"line":51}},"s":{"0":15,"1":15,"2":12,"3":15,"4":2,"5":15,"6":4,"7":15,"8":3,"9":1,"10":2,"11":1,"12":1,"13":0,"14":1,"15":1,"16":1,"17":0,"18":1,"19":15,"20":0,"21":15,"22":0,"23":15,"24":0,"25":15,"26":5,"27":1,"28":4,"29":1,"30":3,"31":5,"32":1,"33":2,"34":15},"f":{"0":15,"1":12,"2":2,"3":4,"4":3,"5":1,"6":0,"7":0,"8":0,"9":5},"b":{"0":[2,1],"1":[1,2],"2":[1,1],"3":[1,0],"4":[0,1],"5":[1,0],"6":[1,0],"7":[1,4],"8":[1,3],"9":[3,0],"10":[1,4]},"meta":{"lastBranch":11,"lastFunction":10,"lastStatement":35,"seen":{"f:4:16:4:32":0,"s:5:8:5:Infinity":0,"s:7:8:9:Infinity":1,"f:7:18:7:33":1,"s:8:4:8:Infinity":2,"s:11:8:13:Infinity":3,"f:11:18:11:33":2,"s:12:4:12:Infinity":4,"b:12:11:12:52:12:52:12:Infinity":0,"s:15:8:17:Infinity":5,"f:15:26:15:41":3,"s:16:4:16:Infinity":6,"s:19:8:32:Infinity":7,"f:19:20:19:35":4,"b:20:4:20:Infinity:undefined:undefined:undefined:undefined":1,"s:20:4:20:Infinity":8,"s:20:23:20:Infinity":9,"b:22:4:29:Infinity:undefined:undefined:undefined:undefined":2,"s:22:4:29:Infinity":10,"s:23:27:23:Infinity":11,"b:23:27:23:70:23:70:23:Infinity":3,"b:24:6:24:Infinity:undefined:undefined:undefined:undefined":4,"s:24:6:24:Infinity":12,"s:24:41:24:Infinity":13,"b:25:6:27:Infinity:undefined:undefined:undefined:undefined":5,"s:25:6:27:Infinity":14,"s:26:8:26:Infinity":15,"f:26:27:26:33":5,"s:26:47:26:88":16,"b:26:47:26:72:26:72:26:88":6,"s:28:6:28:Infinity":17,"s:31:4:31:Infinity":18,"s:34:8:36:Infinity":19,"f:34:18:34:33":6,"s:35:4:35:Infinity":20,"s:38:8:40:Infinity":21,"f:38:20:38:35":7,"s:39:4:39:Infinity":22,"s:42:8:44:Infinity":23,"f:42:18:42:33":8,"s:43:4:43:Infinity":24,"s:46:8:53:Infinity":25,"f:46:8:46:25":9,"b:47:4:47:Infinity:undefined:undefined:undefined:undefined":7,"s:47:4:47:Infinity":26,"s:47:23:47:Infinity":27,"b:48:4:48:Infinity:undefined:undefined:undefined:undefined":8,"s:48:4:48:Infinity":28,"s:48:21:48:Infinity":29,"s:50:25:50:Infinity":30,"b:50:25:50:68:50:68:50:Infinity":9,"b:51:4:51:Infinity:undefined:undefined:undefined:undefined":10,"s:51:4:51:Infinity":31,"s:51:39:51:Infinity":32,"s:52:4:52:Infinity":33,"s:55:2:64:Infinity":34}}}
,"/home/administrator/erp/frontend/src/stores/companyConfig.ts": {"path":"/home/administrator/erp/frontend/src/stores/companyConfig.ts","statementMap":{"0":{"start":{"line":4,"column":6},"end":{"line":4,"column":null}},"1":{"start":{"line":5,"column":6},"end":{"line":5,"column":null}},"2":{"start":{"line":6,"column":6},"end":{"line":6,"column":null}},"3":{"start":{"line":8,"column":33},"end":{"line":21,"column":null}},"4":{"start":{"line":9,"column":2},"end":{"line":9,"column":null}},"5":{"start":{"line":9,"column":20},"end":{"line":9,"column":null}},"6":{"start":{"line":11,"column":2},"end":{"line":20,"column":null}},"7":{"start":{"line":12,"column":26},"end":{"line":12,"column":null}},"8":{"start":{"line":13,"column":4},"end":{"line":13,"column":null}},"9":{"start":{"line":14,"column":4},"end":{"line":14,"column":null}},"10":{"start":{"line":15,"column":4},"end":{"line":15,"column":null}},"11":{"start":{"line":17,"column":4},"end":{"line":17,"column":null}},"12":{"start":{"line":19,"column":4},"end":{"line":19,"column":null}},"13":{"start":{"line":23,"column":13},"end":{"line":28,"column":null}},"14":{"start":{"line":24,"column":15},"end":{"line":24,"column":null}},"15":{"start":{"line":25,"column":2},"end":{"line":27,"column":null}},"16":{"start":{"line":26,"column":4},"end":{"line":26,"column":null}},"17":{"start":{"line":30,"column":13},"end":{"line":38,"column":null}},"18":{"start":{"line":31,"column":2},"end":{"line":37,"column":null}}},"fnMap":{"0":{"name":"(anonymous_0)","decl":{"start":{"line":8,"column":33},"end":{"line":8,"column":60}},"loc":{"start":{"line":8,"column":60},"end":{"line":21,"column":null}},"line":8},"1":{"name":"(anonymous_1)","decl":{"start":{"line":23,"column":13},"end":{"line":23,"column":47}},"loc":{"start":{"line":23,"column":47},"end":{"line":28,"column":null}},"line":23},"2":{"name":"(anonymous_2)","decl":{"start":{"line":30,"column":13},"end":{"line":30,"column":38}},"loc":{"start":{"line":30,"column":38},"end":{"line":38,"column":null}},"line":30}},"branchMap":{"0":{"loc":{"start":{"line":9,"column":2},"end":{"line":9,"column":null}},"type":"if","locations":[{"start":{"line":9,"column":2},"end":{"line":9,"column":null}},{"start":{},"end":{}}],"line":9},"1":{"loc":{"start":{"line":13,"column":24},"end":{"line":13,"column":null}},"type":"binary-expr","locations":[{"start":{"line":13,"column":24},"end":{"line":13,"column":49}},{"start":{"line":13,"column":49},"end":{"line":13,"column":null}}],"line":13},"2":{"loc":{"start":{"line":14,"column":29},"end":{"line":14,"column":null}},"type":"binary-expr","locations":[{"start":{"line":14,"column":29},"end":{"line":14,"column":60}},{"start":{"line":14,"column":60},"end":{"line":14,"column":null}}],"line":14},"3":{"loc":{"start":{"line":24,"column":15},"end":{"line":24,"column":null}},"type":"binary-expr","locations":[{"start":{"line":24,"column":15},"end":{"line":24,"column":36}},{"start":{"line":24,"column":36},"end":{"line":24,"column":null}}],"line":24},"4":{"loc":{"start":{"line":25,"column":2},"end":{"line":27,"column":null}},"type":"if","locations":[{"start":{"line":25,"column":2},"end":{"line":27,"column":null}},{"start":{},"end":{}}],"line":25}},"s":{"0":1,"1":1,"2":1,"3":1,"4":3,"5":1,"6":2,"7":2,"8":1,"9":3,"10":3,"11":3,"12":1,"13":1,"14":1,"15":1,"16":1,"17":1,"18":8},"f":{"0":3,"1":1,"2":8},"b":{"0":[1,2],"1":[1,0],"2":[3,0],"3":[1,0],"4":[1,0]},"meta":{"lastBranch":5,"lastFunction":3,"lastStatement":19,"seen":{"s:4:6:4:Infinity":0,"s:5:6:5:Infinity":1,"s:6:6:6:Infinity":2,"s:8:33:21:Infinity":3,"f:8:33:8:60":0,"b:9:2:9:Infinity:undefined:undefined:undefined:undefined":0,"s:9:2:9:Infinity":4,"s:9:20:9:Infinity":5,"s:11:2:20:Infinity":6,"s:12:26:12:Infinity":7,"s:13:4:13:Infinity":8,"b:13:24:13:49:13:49:13:Infinity":1,"s:14:4:14:Infinity":9,"b:14:29:14:60:14:60:14:Infinity":2,"s:15:4:15:Infinity":10,"s:17:4:17:Infinity":11,"s:19:4:19:Infinity":12,"s:23:13:28:Infinity":13,"f:23:13:23:47":1,"s:24:15:24:Infinity":14,"b:24:15:24:36:24:36:24:Infinity":3,"b:25:2:27:Infinity:undefined:undefined:undefined:undefined":4,"s:25:2:27:Infinity":15,"s:26:4:26:Infinity":16,"s:30:13:38:Infinity":17,"f:30:13:30:38":2,"s:31:2:37:Infinity":18}}}
,"/home/administrator/erp/frontend/src/stores/permission.ts": {"path":"/home/administrator/erp/frontend/src/stores/permission.ts","statementMap":{"0":{"start":{"line":3,"column":6},"end":{"line":23,"column":null}},"1":{"start":{"line":4,"column":45},"end":{"line":20,"column":null}},"2":{"start":{"line":22,"column":2},"end":{"line":22,"column":null}},"3":{"start":{"line":25,"column":13},"end":{"line":66,"column":null}},"4":{"start":{"line":26,"column":16},"end":{"line":30,"column":null}},"5":{"start":{"line":34,"column":6},"end":{"line":34,"column":null}},"6":{"start":{"line":38,"column":6},"end":{"line":38,"column":null}},"7":{"start":{"line":42,"column":6},"end":{"line":44,"column":null}},"8":{"start":{"line":43,"column":62},"end":{"line":43,"column":97}},"9":{"start":{"line":48,"column":6},"end":{"line":48,"column":null}},"10":{"start":{"line":48,"column":37},"end":{"line":48,"column":null}},"11":{"start":{"line":49,"column":6},"end":{"line":49,"column":null}},"12":{"start":{"line":49,"column":38},"end":{"line":49,"column":null}},"13":{"start":{"line":51,"column":20},"end":{"line":51,"column":null}},"14":{"start":{"line":52,"column":6},"end":{"line":55,"column":null}},"15":{"start":{"line":52,"column":19},"end":{"line":52,"column":37}},"16":{"start":{"line":53,"column":27},"end":{"line":53,"column":null}},"17":{"start":{"line":54,"column":8},"end":{"line":54,"column":null}},"18":{"start":{"line":54,"column":46},"end":{"line":54,"column":null}},"19":{"start":{"line":57,"column":6},"end":{"line":57,"column":null}},"20":{"start":{"line":61,"column":6},"end":{"line":61,"column":null}},"21":{"start":{"line":62,"column":6},"end":{"line":62,"column":null}},"22":{"start":{"line":63,"column":6},"end":{"line":63,"column":null}}},"fnMap":{"0":{"name":"(anonymous_0)","decl":{"start":{"line":3,"column":6},"end":{"line":3,"column":28}},"loc":{"start":{"line":3,"column":54},"end":{"line":23,"column":null}},"line":3},"1":{"name":"(anonymous_1)","decl":{"start":{"line":26,"column":2},"end":{"line":26,"column":16}},"loc":{"start":{"line":26,"column":16},"end":{"line":30,"column":null}},"line":26},"2":{"name":"(anonymous_2)","decl":{"start":{"line":33,"column":4},"end":{"line":33,"column":19}},"loc":{"start":{"line":33,"column":36},"end":{"line":35,"column":null}},"line":33},"3":{"name":"(anonymous_3)","decl":{"start":{"line":37,"column":4},"end":{"line":37,"column":13}},"loc":{"start":{"line":37,"column":30},"end":{"line":39,"column":null}},"line":37},"4":{"name":"(anonymous_4)","decl":{"start":{"line":41,"column":4},"end":{"line":41,"column":18}},"loc":{"start":{"line":41,"column":50},"end":{"line":45,"column":null}},"line":41},"5":{"name":"(anonymous_5)","decl":{"start":{"line":43,"column":37},"end":{"line":43,"column":42}},"loc":{"start":{"line":43,"column":62},"end":{"line":43,"column":97}},"line":43},"6":{"name":"(anonymous_6)","decl":{"start":{"line":47,"column":4},"end":{"line":47,"column":18}},"loc":{"start":{"line":47,"column":41},"end":{"line":58,"column":null}},"line":47},"7":{"name":"(anonymous_7)","decl":{"start":{"line":60,"column":4},"end":{"line":60,"column":12}},"loc":{"start":{"line":60,"column":12},"end":{"line":64,"column":null}},"line":60}},"branchMap":{"0":{"loc":{"start":{"line":22,"column":9},"end":{"line":22,"column":null}},"type":"binary-expr","locations":[{"start":{"line":22,"column":9},"end":{"line":22,"column":30}},{"start":{"line":22,"column":30},"end":{"line":22,"column":null}}],"line":22},"1":{"loc":{"start":{"line":43,"column":23},"end":{"line":43,"column":35}},"type":"binary-expr","locations":[{"start":{"line":43,"column":23},"end":{"line":43,"column":33}},{"start":{"line":43,"column":33},"end":{"line":43,"column":35}}],"line":43},"2":{"loc":{"start":{"line":48,"column":6},"end":{"line":48,"column":null}},"type":"if","locations":[{"start":{"line":48,"column":6},"end":{"line":48,"column":null}},{"start":{},"end":{}}],"line":48},"3":{"loc":{"start":{"line":49,"column":6},"end":{"line":49,"column":null}},"type":"if","locations":[{"start":{"line":49,"column":6},"end":{"line":49,"column":null}},{"start":{},"end":{}}],"line":49},"4":{"loc":{"start":{"line":54,"column":8},"end":{"line":54,"column":null}},"type":"if","locations":[{"start":{"line":54,"column":8},"end":{"line":54,"column":null}},{"start":{},"end":{}}],"line":54}},"s":{"0":3,"1":5,"2":5,"3":3,"4":15,"5":12,"6":4,"7":5,"8":5,"9":8,"10":1,"11":7,"12":1,"13":6,"14":6,"15":6,"16":9,"17":9,"18":4,"19":2,"20":2,"21":2,"22":2},"f":{"0":5,"1":15,"2":12,"3":4,"4":5,"5":5,"6":8,"7":2},"b":{"0":[5,0],"1":[5,1],"2":[1,7],"3":[1,6],"4":[4,5]},"meta":{"lastBranch":5,"lastFunction":8,"lastStatement":23,"seen":{"s:3:6:23:Infinity":0,"f:3:6:3:28":0,"s:4:45:20:Infinity":1,"s:22:2:22:Infinity":2,"b:22:9:22:30:22:30:22:Infinity":0,"s:25:13:66:Infinity":3,"f:26:2:26:16":1,"s:26:16:30:Infinity":4,"f:33:4:33:19":2,"s:34:6:34:Infinity":5,"f:37:4:37:13":3,"s:38:6:38:Infinity":6,"f:41:4:41:18":4,"s:42:6:44:Infinity":7,"b:43:23:43:33:43:33:43:35":1,"f:43:37:43:42":5,"s:43:62:43:97":8,"f:47:4:47:18":6,"b:48:6:48:Infinity:undefined:undefined:undefined:undefined":2,"s:48:6:48:Infinity":9,"s:48:37:48:Infinity":10,"b:49:6:49:Infinity:undefined:undefined:undefined:undefined":3,"s:49:6:49:Infinity":11,"s:49:38:49:Infinity":12,"s:51:20:51:Infinity":13,"s:52:6:55:Infinity":14,"s:52:19:52:37":15,"s:53:27:53:Infinity":16,"b:54:8:54:Infinity:undefined:undefined:undefined:undefined":4,"s:54:8:54:Infinity":17,"s:54:46:54:Infinity":18,"s:57:6:57:Infinity":19,"f:60:4:60:12":7,"s:61:6:61:Infinity":20,"s:62:6:62:Infinity":21,"s:63:6:63:Infinity":22}}}
,"/home/administrator/erp/frontend/src/stores/user.ts": {"path":"/home/administrator/erp/frontend/src/stores/user.ts","statementMap":{"0":{"start":{"line":8,"column":13},"end":{"line":66,"column":null}},"1":{"start":{"line":9,"column":8},"end":{"line":9,"column":null}},"2":{"start":{"line":10,"column":8},"end":{"line":10,"column":null}},"3":{"start":{"line":13,"column":4},"end":{"line":32,"column":null}},"4":{"start":{"line":14,"column":23},"end":{"line":14,"column":null}},"5":{"start":{"line":15,"column":19},"end":{"line":15,"column":null}},"6":{"start":{"line":17,"column":6},"end":{"line":17,"column":null}},"7":{"start":{"line":18,"column":6},"end":{"line":18,"column":null}},"8":{"start":{"line":20,"column":6},"end":{"line":20,"column":null}},"9":{"start":{"line":22,"column":12},"end":{"line":22,"column":null}},"10":{"start":{"line":23,"column":6},"end":{"line":23,"column":null}},"11":{"start":{"line":24,"column":6},"end":{"line":24,"column":null}},"12":{"start":{"line":25,"column":6},"end":{"line":25,"column":null}},"13":{"start":{"line":27,"column":6},"end":{"line":27,"column":null}},"14":{"start":{"line":28,"column":6},"end":{"line":28,"column":null}},"15":{"start":{"line":30,"column":6},"end":{"line":30,"column":null}},"16":{"start":{"line":31,"column":6},"end":{"line":31,"column":null}},"17":{"start":{"line":36,"column":4},"end":{"line":36,"column":null}},"18":{"start":{"line":37,"column":4},"end":{"line":37,"column":null}},"19":{"start":{"line":38,"column":4},"end":{"line":38,"column":null}},"20":{"start":{"line":40,"column":10},"end":{"line":40,"column":null}},"21":{"start":{"line":41,"column":4},"end":{"line":41,"column":null}},"22":{"start":{"line":43,"column":4},"end":{"line":43,"column":null}},"23":{"start":{"line":47,"column":21},"end":{"line":47,"column":null}},"24":{"start":{"line":48,"column":17},"end":{"line":48,"column":null}},"25":{"start":{"line":49,"column":4},"end":{"line":49,"column":null}},"26":{"start":{"line":51,"column":10},"end":{"line":51,"column":null}},"27":{"start":{"line":52,"column":4},"end":{"line":52,"column":null}},"28":{"start":{"line":53,"column":4},"end":{"line":53,"column":null}},"29":{"start":{"line":54,"column":4},"end":{"line":54,"column":null}},"30":{"start":{"line":56,"column":4},"end":{"line":56,"column":null}},"31":{"start":{"line":59,"column":2},"end":{"line":65,"column":null}}},"fnMap":{"0":{"name":"(anonymous_0)","decl":{"start":{"line":8,"column":40},"end":{"line":8,"column":54}},"loc":{"start":{"line":8,"column":54},"end":{"line":66,"column":1}},"line":8},"1":{"name":"login","decl":{"start":{"line":12,"column":17},"end":{"line":12,"column":23}},"loc":{"start":{"line":12,"column":77},"end":{"line":33,"column":null}},"line":12},"2":{"name":"logout","decl":{"start":{"line":35,"column":11},"end":{"line":35,"column":26}},"loc":{"start":{"line":35,"column":26},"end":{"line":44,"column":null}},"line":35},"3":{"name":"getProfile","decl":{"start":{"line":46,"column":17},"end":{"line":46,"column":45}},"loc":{"start":{"line":46,"column":45},"end":{"line":57,"column":null}},"line":46}},"branchMap":{"0":{"loc":{"start":{"line":15,"column":19},"end":{"line":15,"column":null}},"type":"binary-expr","locations":[{"start":{"line":15,"column":19},"end":{"line":15,"column":36}},{"start":{"line":15,"column":36},"end":{"line":15,"column":null}}],"line":15},"1":{"loc":{"start":{"line":23,"column":37},"end":{"line":23,"column":64}},"type":"binary-expr","locations":[{"start":{"line":23,"column":37},"end":{"line":23,"column":62}},{"start":{"line":23,"column":62},"end":{"line":23,"column":64}}],"line":23},"2":{"loc":{"start":{"line":24,"column":31},"end":{"line":24,"column":52}},"type":"binary-expr","locations":[{"start":{"line":24,"column":31},"end":{"line":24,"column":50}},{"start":{"line":24,"column":50},"end":{"line":24,"column":52}}],"line":24},"3":{"loc":{"start":{"line":25,"column":36},"end":{"line":25,"column":63}},"type":"binary-expr","locations":[{"start":{"line":25,"column":36},"end":{"line":25,"column":61}},{"start":{"line":25,"column":61},"end":{"line":25,"column":63}}],"line":25},"4":{"loc":{"start":{"line":48,"column":17},"end":{"line":48,"column":null}},"type":"binary-expr","locations":[{"start":{"line":48,"column":17},"end":{"line":48,"column":34}},{"start":{"line":48,"column":34},"end":{"line":48,"column":null}}],"line":48},"5":{"loc":{"start":{"line":52,"column":35},"end":{"line":52,"column":57}},"type":"binary-expr","locations":[{"start":{"line":52,"column":35},"end":{"line":52,"column":55}},{"start":{"line":52,"column":55},"end":{"line":52,"column":57}}],"line":52},"6":{"loc":{"start":{"line":53,"column":29},"end":{"line":53,"column":45}},"type":"binary-expr","locations":[{"start":{"line":53,"column":29},"end":{"line":53,"column":43}},{"start":{"line":53,"column":43},"end":{"line":53,"column":45}}],"line":53},"7":{"loc":{"start":{"line":54,"column":34},"end":{"line":54,"column":56}},"type":"binary-expr","locations":[{"start":{"line":54,"column":34},"end":{"line":54,"column":54}},{"start":{"line":54,"column":54},"end":{"line":54,"column":56}}],"line":54}},"s":{"0":2,"1":21,"2":21,"3":2,"4":2,"5":1,"6":2,"7":2,"8":2,"9":2,"10":2,"11":2,"12":2,"13":2,"14":2,"15":1,"16":1,"17":1,"18":1,"19":1,"20":1,"21":1,"22":1,"23":1,"24":1,"25":1,"26":1,"27":1,"28":1,"29":1,"30":1,"31":21},"f":{"0":21,"1":2,"2":1,"3":1},"b":{"0":[1,0],"1":[2,0],"2":[2,0],"3":[2,0],"4":[1,0],"5":[1,0],"6":[1,0],"7":[1,0]},"meta":{"lastBranch":8,"lastFunction":4,"lastStatement":32,"seen":{"s:8:13:66:Infinity":0,"f:8:40:8:54":0,"s:9:8:9:Infinity":1,"s:10:8:10:Infinity":2,"f:12:17:12:23":1,"s:13:4:32:Infinity":3,"s:14:23:14:Infinity":4,"s:15:19:15:Infinity":5,"b:15:19:15:36:15:36:15:Infinity":0,"s:17:6:17:Infinity":6,"s:18:6:18:Infinity":7,"s:20:6:20:Infinity":8,"s:22:12:22:Infinity":9,"s:23:6:23:Infinity":10,"b:23:37:23:62:23:62:23:64":1,"s:24:6:24:Infinity":11,"b:24:31:24:50:24:50:24:52":2,"s:25:6:25:Infinity":12,"b:25:36:25:61:25:61:25:63":3,"s:27:6:27:Infinity":13,"s:28:6:28:Infinity":14,"s:30:6:30:Infinity":15,"s:31:6:31:Infinity":16,"f:35:11:35:26":2,"s:36:4:36:Infinity":17,"s:37:4:37:Infinity":18,"s:38:4:38:Infinity":19,"s:40:10:40:Infinity":20,"s:41:4:41:Infinity":21,"s:43:4:43:Infinity":22,"f:46:17:46:45":3,"s:47:21:47:Infinity":23,"s:48:17:48:Infinity":24,"b:48:17:48:34:48:34:48:Infinity":4,"s:49:4:49:Infinity":25,"s:51:10:51:Infinity":26,"s:52:4:52:Infinity":27,"b:52:35:52:55:52:55:52:57":5,"s:53:4:53:Infinity":28,"b:53:29:53:43:53:43:53:45":6,"s:54:4:54:Infinity":29,"b:54:34:54:54:54:54:54:56":7,"s:56:4:56:Infinity":30,"s:59:2:65:Infinity":31}}}
,"/home/administrator/erp/frontend/src/stores/websocket.ts": {"path":"/home/administrator/erp/frontend/src/stores/websocket.ts","statementMap":{"0":{"start":{"line":7,"column":13},"end":{"line":112,"column":null}},"1":{"start":{"line":8,"column":8},"end":{"line":8,"column":null}},"2":{"start":{"line":9,"column":8},"end":{"line":9,"column":null}},"3":{"start":{"line":10,"column":8},"end":{"line":10,"column":null}},"4":{"start":{"line":11,"column":8},"end":{"line":11,"column":null}},"5":{"start":{"line":13,"column":8},"end":{"line":13,"column":null}},"6":{"start":{"line":13,"column":37},"end":{"line":13,"column":52}},"7":{"start":{"line":14,"column":8},"end":{"line":14,"column":null}},"8":{"start":{"line":14,"column":35},"end":{"line":14,"column":56}},"9":{"start":{"line":17,"column":4},"end":{"line":17,"column":null}},"10":{"start":{"line":19,"column":4},"end":{"line":19,"column":null}},"11":{"start":{"line":20,"column":4},"end":{"line":20,"column":null}},"12":{"start":{"line":21,"column":4},"end":{"line":21,"column":null}},"13":{"start":{"line":22,"column":4},"end":{"line":22,"column":null}},"14":{"start":{"line":26,"column":24},"end":{"line":26,"column":null}},"15":{"start":{"line":27,"column":4},"end":{"line":27,"column":null}},"16":{"start":{"line":28,"column":4},"end":{"line":28,"column":null}},"17":{"start":{"line":29,"column":4},"end":{"line":29,"column":null}},"18":{"start":{"line":33,"column":4},"end":{"line":33,"column":null}},"19":{"start":{"line":34,"column":4},"end":{"line":34,"column":null}},"20":{"start":{"line":35,"column":4},"end":{"line":35,"column":null}},"21":{"start":{"line":36,"column":4},"end":{"line":36,"column":null}},"22":{"start":{"line":37,"column":4},"end":{"line":37,"column":null}},"23":{"start":{"line":38,"column":4},"end":{"line":38,"column":null}},"24":{"start":{"line":42,"column":4},"end":{"line":42,"column":null}},"25":{"start":{"line":46,"column":4},"end":{"line":46,"column":null}},"26":{"start":{"line":47,"column":4},"end":{"line":47,"column":null}},"27":{"start":{"line":49,"column":23},"end":{"line":54,"column":null}},"28":{"start":{"line":56,"column":4},"end":{"line":64,"column":null}},"29":{"start":{"line":62,"column":8},"end":{"line":62,"column":null}},"30":{"start":{"line":68,"column":4},"end":{"line":73,"column":null}},"31":{"start":{"line":77,"column":4},"end":{"line":77,"column":null}},"32":{"start":{"line":81,"column":4},"end":{"line":81,"column":null}},"33":{"start":{"line":85,"column":4},"end":{"line":85,"column":null}},"34":{"start":{"line":87,"column":25},"end":{"line":87,"column":null}},"35":{"start":{"line":87,"column":55},"end":{"line":87,"column":78}},"36":{"start":{"line":88,"column":4},"end":{"line":91,"column":null}},"37":{"start":{"line":89,"column":6},"end":{"line":89,"column":null}},"38":{"start":{"line":90,"column":6},"end":{"line":90,"column":null}},"39":{"start":{"line":95,"column":4},"end":{"line":95,"column":null}},"40":{"start":{"line":96,"column":4},"end":{"line":96,"column":null}},"41":{"start":{"line":99,"column":2},"end":{"line":111,"column":null}},"42":{"start":{"line":115,"column":33},"end":{"line":115,"column":null}},"43":{"start":{"line":116,"column":66},"end":{"line":116,"column":null}},"44":{"start":{"line":119,"column":21},"end":{"line":119,"column":null}},"45":{"start":{"line":120,"column":17},"end":{"line":120,"column":null}},"46":{"start":{"line":121,"column":18},"end":{"line":121,"column":null}},"47":{"start":{"line":122,"column":4},"end":{"line":122,"column":null}},"48":{"start":{"line":124,"column":4},"end":{"line":129,"column":null}},"49":{"start":{"line":125,"column":19},"end":{"line":125,"column":null}},"50":{"start":{"line":126,"column":6},"end":{"line":128,"column":null}},"51":{"start":{"line":127,"column":8},"end":{"line":127,"column":null}},"52":{"start":{"line":127,"column":48},"end":{"line":127,"column":61}},"53":{"start":{"line":133,"column":4},"end":{"line":135,"column":null}},"54":{"start":{"line":134,"column":6},"end":{"line":134,"column":null}},"55":{"start":{"line":136,"column":4},"end":{"line":136,"column":null}},"56":{"start":{"line":140,"column":4},"end":{"line":142,"column":null}},"57":{"start":{"line":141,"column":6},"end":{"line":141,"column":null}},"58":{"start":{"line":146,"column":4},"end":{"line":148,"column":null}},"59":{"start":{"line":147,"column":6},"end":{"line":147,"column":null}}},"fnMap":{"0":{"name":"(anonymous_0)","decl":{"start":{"line":7,"column":45},"end":{"line":7,"column":64}},"loc":{"start":{"line":7,"column":64},"end":{"line":112,"column":1}},"line":7},"1":{"name":"(anonymous_1)","decl":{"start":{"line":13,"column":22},"end":{"line":13,"column":37}},"loc":{"start":{"line":13,"column":37},"end":{"line":13,"column":52}},"line":13},"2":{"name":"(anonymous_2)","decl":{"start":{"line":14,"column":20},"end":{"line":14,"column":35}},"loc":{"start":{"line":14,"column":35},"end":{"line":14,"column":56}},"line":14},"3":{"name":"connect","decl":{"start":{"line":16,"column":11},"end":{"line":16,"column":27}},"loc":{"start":{"line":16,"column":27},"end":{"line":23,"column":null}},"line":16},"4":{"name":"connectDashboard","decl":{"start":{"line":25,"column":11},"end":{"line":25,"column":50}},"loc":{"start":{"line":25,"column":50},"end":{"line":30,"column":null}},"line":25},"5":{"name":"disconnect","decl":{"start":{"line":32,"column":11},"end":{"line":32,"column":30}},"loc":{"start":{"line":32,"column":30},"end":{"line":39,"column":null}},"line":32},"6":{"name":"handleConnection","decl":{"start":{"line":41,"column":11},"end":{"line":41,"column":28}},"loc":{"start":{"line":41,"column":60},"end":{"line":43,"column":null}},"line":41},"7":{"name":"handleNotification","decl":{"start":{"line":45,"column":11},"end":{"line":45,"column":30}},"loc":{"start":{"line":45,"column":64},"end":{"line":65,"column":null}},"line":45},"8":{"name":"(anonymous_8)","decl":{"start":{"line":61,"column":6},"end":{"line":61,"column":21}},"loc":{"start":{"line":61,"column":21},"end":{"line":63,"column":null}},"line":61},"9":{"name":"handleAlert","decl":{"start":{"line":67,"column":11},"end":{"line":67,"column":23}},"loc":{"start":{"line":67,"column":57},"end":{"line":74,"column":null}},"line":67},"10":{"name":"handleDashboardUpdate","decl":{"start":{"line":76,"column":11},"end":{"line":76,"column":33}},"loc":{"start":{"line":76,"column":50},"end":{"line":78,"column":null}},"line":76},"11":{"name":"handleError","decl":{"start":{"line":80,"column":11},"end":{"line":80,"column":23}},"loc":{"start":{"line":80,"column":41},"end":{"line":82,"column":null}},"line":80},"12":{"name":"markAsRead","decl":{"start":{"line":84,"column":11},"end":{"line":84,"column":22}},"loc":{"start":{"line":84,"column":52},"end":{"line":92,"column":null}},"line":84},"13":{"name":"(anonymous_13)","decl":{"start":{"line":87,"column":45},"end":{"line":87,"column":50}},"loc":{"start":{"line":87,"column":55},"end":{"line":87,"column":78}},"line":87},"14":{"name":"clearNotifications","decl":{"start":{"line":94,"column":11},"end":{"line":94,"column":38}},"loc":{"start":{"line":94,"column":38},"end":{"line":97,"column":null}},"line":94},"15":{"name":"(anonymous_15)","decl":{"start":{"line":118,"column":2},"end":{"line":118,"column":10}},"loc":{"start":{"line":118,"column":34},"end":{"line":130,"column":null}},"line":118},"16":{"name":"(anonymous_16)","decl":{"start":{"line":124,"column":12},"end":{"line":124,"column":25}},"loc":{"start":{"line":124,"column":49},"end":{"line":129,"column":null}},"line":124},"17":{"name":"(anonymous_17)","decl":{"start":{"line":127,"column":34},"end":{"line":127,"column":42}},"loc":{"start":{"line":127,"column":48},"end":{"line":127,"column":61}},"line":127},"18":{"name":"(anonymous_18)","decl":{"start":{"line":132,"column":2},"end":{"line":132,"column":5}},"loc":{"start":{"line":132,"column":57},"end":{"line":137,"column":null}},"line":132},"19":{"name":"(anonymous_19)","decl":{"start":{"line":139,"column":2},"end":{"line":139,"column":7}},"loc":{"start":{"line":139,"column":24},"end":{"line":143,"column":null}},"line":139},"20":{"name":"(anonymous_20)","decl":{"start":{"line":145,"column":2},"end":{"line":145,"column":21}},"loc":{"start":{"line":145,"column":21},"end":{"line":149,"column":null}},"line":145}},"branchMap":{"0":{"loc":{"start":{"line":49,"column":23},"end":{"line":54,"column":null}},"type":"binary-expr","locations":[{"start":{"line":49,"column":23},"end":{"line":54,"column":38}},{"start":{"line":54,"column":38},"end":{"line":54,"column":null}}],"line":49},"1":{"loc":{"start":{"line":88,"column":4},"end":{"line":91,"column":null}},"type":"if","locations":[{"start":{"line":88,"column":4},"end":{"line":91,"column":null}},{"start":{},"end":{}}],"line":88},"2":{"loc":{"start":{"line":88,"column":8},"end":{"line":88,"column":47}},"type":"binary-expr","locations":[{"start":{"line":88,"column":8},"end":{"line":88,"column":24}},{"start":{"line":88,"column":24},"end":{"line":88,"column":47}}],"line":88},"3":{"loc":{"start":{"line":119,"column":21},"end":{"line":119,"column":null}},"type":"cond-expr","locations":[{"start":{"line":119,"column":61},"end":{"line":119,"column":70}},{"start":{"line":119,"column":70},"end":{"line":119,"column":null}}],"line":119},"4":{"loc":{"start":{"line":126,"column":6},"end":{"line":128,"column":null}},"type":"if","locations":[{"start":{"line":126,"column":6},"end":{"line":128,"column":null}},{"start":{},"end":{}}],"line":126},"5":{"loc":{"start":{"line":133,"column":4},"end":{"line":135,"column":null}},"type":"if","locations":[{"start":{"line":133,"column":4},"end":{"line":135,"column":null}},{"start":{},"end":{}}],"line":133},"6":{"loc":{"start":{"line":140,"column":4},"end":{"line":142,"column":null}},"type":"if","locations":[{"start":{"line":140,"column":4},"end":{"line":142,"column":null}},{"start":{},"end":{}}],"line":140},"7":{"loc":{"start":{"line":140,"column":8},"end":{"line":140,"column":58}},"type":"binary-expr","locations":[{"start":{"line":140,"column":8},"end":{"line":140,"column":19}},{"start":{"line":140,"column":19},"end":{"line":140,"column":58}}],"line":140},"8":{"loc":{"start":{"line":146,"column":4},"end":{"line":148,"column":null}},"type":"if","locations":[{"start":{"line":146,"column":4},"end":{"line":148,"column":null}},{"start":{},"end":{}}],"line":146}},"s":{"0":1,"1":7,"2":7,"3":7,"4":7,"5":7,"6":1,"7":7,"8":1,"9":1,"10":1,"11":1,"12":1,"13":1,"14":0,"15":0,"16":0,"17":0,"18":1,"19":1,"20":1,"21":1,"22":1,"23":1,"24":0,"25":0,"26":0,"27":0,"28":0,"29":0,"30":0,"31":0,"32":0,"33":2,"34":2,"35":2,"36":2,"37":1,"38":1,"39":1,"40":1,"41":7,"42":0,"43":0,"44":0,"45":0,"46":0,"47":0,"48":0,"49":0,"50":0,"51":0,"52":0,"53":0,"54":0,"55":0,"56":0,"57":0,"58":0,"59":0},"f":{"0":7,"1":1,"2":1,"3":1,"4":0,"5":1,"6":0,"7":0,"8":0,"9":0,"10":0,"11":0,"12":2,"13":2,"14":1,"15":0,"16":0,"17":0,"18":0,"19":0,"20":0},"b":{"0":[0,0],"1":[1,1],"2":[2,2],"3":[0,0],"4":[0,0],"5":[0,0],"6":[0,0],"7":[0,0],"8":[0,0]},"meta":{"lastBranch":9,"lastFunction":21,"lastStatement":60,"seen":{"s:7:13:112:Infinity":0,"f:7:45:7:64":0,"s:8:8:8:Infinity":1,"s:9:8:9:Infinity":2,"s:10:8:10:Infinity":3,"s:11:8:11:Infinity":4,"s:13:8:13:Infinity":5,"f:13:22:13:37":1,"s:13:37:13:52":6,"s:14:8:14:Infinity":7,"f:14:20:14:35":2,"s:14:35:14:56":8,"f:16:11:16:27":3,"s:17:4:17:Infinity":9,"s:19:4:19:Infinity":10,"s:20:4:20:Infinity":11,"s:21:4:21:Infinity":12,"s:22:4:22:Infinity":13,"f:25:11:25:50":4,"s:26:24:26:Infinity":14,"s:27:4:27:Infinity":15,"s:28:4:28:Infinity":16,"s:29:4:29:Infinity":17,"f:32:11:32:30":5,"s:33:4:33:Infinity":18,"s:34:4:34:Infinity":19,"s:35:4:35:Infinity":20,"s:36:4:36:Infinity":21,"s:37:4:37:Infinity":22,"s:38:4:38:Infinity":23,"f:41:11:41:28":6,"s:42:4:42:Infinity":24,"f:45:11:45:30":7,"s:46:4:46:Infinity":25,"s:47:4:47:Infinity":26,"s:49:23:54:Infinity":27,"b:49:23:54:38:54:38:54:Infinity":0,"s:56:4:64:Infinity":28,"f:61:6:61:21":8,"s:62:8:62:Infinity":29,"f:67:11:67:23":9,"s:68:4:73:Infinity":30,"f:76:11:76:33":10,"s:77:4:77:Infinity":31,"f:80:11:80:23":11,"s:81:4:81:Infinity":32,"f:84:11:84:22":12,"s:85:4:85:Infinity":33,"s:87:25:87:Infinity":34,"f:87:45:87:50":13,"s:87:55:87:78":35,"b:88:4:91:Infinity:undefined:undefined:undefined:undefined":1,"s:88:4:91:Infinity":36,"b:88:8:88:24:88:24:88:47":2,"s:89:6:89:Infinity":37,"s:90:6:90:Infinity":38,"f:94:11:94:38":14,"s:95:4:95:Infinity":39,"s:96:4:96:Infinity":40,"s:99:2:111:Infinity":41,"s:115:33:115:Infinity":42,"s:116:66:116:Infinity":43,"f:118:2:118:10":15,"s:119:21:119:Infinity":44,"b:119:61:119:70:119:70:119:Infinity":3,"s:120:17:120:Infinity":45,"s:121:18:121:Infinity":46,"s:122:4:122:Infinity":47,"s:124:4:129:Infinity":48,"f:124:12:124:25":16,"s:125:19:125:Infinity":49,"b:126:6:128:Infinity:undefined:undefined:undefined:undefined":4,"s:126:6:128:Infinity":50,"s:127:8:127:Infinity":51,"f:127:34:127:42":17,"s:127:48:127:61":52,"f:132:2:132:5":18,"b:133:4:135:Infinity:undefined:undefined:undefined:undefined":5,"s:133:4:135:Infinity":53,"s:134:6:134:Infinity":54,"s:136:4:136:Infinity":55,"f:139:2:139:7":19,"b:140:4:142:Infinity:undefined:undefined:undefined:undefined":6,"s:140:4:142:Infinity":56,"b:140:8:140:19:140:19:140:58":7,"s:141:6:141:Infinity":57,"f:145:2:145:21":20,"b:146:4:148:Infinity:undefined:undefined:undefined:undefined":8,"s:146:4:148:Infinity":58,"s:147:6:147:Infinity":59}}}
,"/home/administrator/erp/frontend/src/utils/export.ts": {"path":"/home/administrator/erp/frontend/src/utils/export.ts","statementMap":{"0":{"start":{"line":9,"column":19},"end":{"line":9,"column":null}},"1":{"start":{"line":11,"column":18},"end":{"line":11,"column":null}},"2":{"start":{"line":11,"column":37},"end":{"line":11,"column":46}},"3":{"start":{"line":12,"column":2},"end":{"line":12,"column":null}},"4":{"start":{"line":14,"column":2},"end":{"line":39,"column":null}},"5":{"start":{"line":15,"column":19},"end":{"line":37,"column":null}},"6":{"start":{"line":16,"column":23},"end":{"line":16,"column":null}},"7":{"start":{"line":18,"column":6},"end":{"line":21,"column":null}},"8":{"start":{"line":19,"column":22},"end":{"line":19,"column":null}},"9":{"start":{"line":20,"column":8},"end":{"line":20,"column":null}},"10":{"start":{"line":20,"column":56},"end":{"line":20,"column":68}},"11":{"start":{"line":23,"column":6},"end":{"line":25,"column":null}},"12":{"start":{"line":24,"column":8},"end":{"line":24,"column":null}},"13":{"start":{"line":27,"column":6},"end":{"line":34,"column":null}},"14":{"start":{"line":28,"column":8},"end":{"line":28,"column":null}},"15":{"start":{"line":30,"column":8},"end":{"line":30,"column":null}},"16":{"start":{"line":31,"column":8},"end":{"line":33,"column":null}},"17":{"start":{"line":32,"column":10},"end":{"line":32,"column":null}},"18":{"start":{"line":36,"column":6},"end":{"line":36,"column":null}},"19":{"start":{"line":38,"column":4},"end":{"line":38,"column":null}},"20":{"start":{"line":41,"column":15},"end":{"line":41,"column":null}},"21":{"start":{"line":42,"column":15},"end":{"line":42,"column":null}},"22":{"start":{"line":43,"column":14},"end":{"line":43,"column":null}},"23":{"start":{"line":45,"column":2},"end":{"line":45,"column":null}},"24":{"start":{"line":46,"column":2},"end":{"line":46,"column":null}},"25":{"start":{"line":47,"column":2},"end":{"line":47,"column":null}},"26":{"start":{"line":49,"column":2},"end":{"line":49,"column":null}},"27":{"start":{"line":50,"column":2},"end":{"line":50,"column":null}},"28":{"start":{"line":51,"column":2},"end":{"line":51,"column":null}},"29":{"start":{"line":53,"column":2},"end":{"line":53,"column":null}},"30":{"start":{"line":57,"column":8},"end":{"line":57,"column":null}},"31":{"start":{"line":57,"column":29},"end":{"line":57,"column":null}},"32":{"start":{"line":58,"column":2},"end":{"line":58,"column":null}},"33":{"start":{"line":62,"column":34},"end":{"line":65,"column":null}},"34":{"start":{"line":62,"column":84},"end":{"line":65,"column":4}},"35":{"start":{"line":66,"column":2},"end":{"line":66,"column":null}},"36":{"start":{"line":70,"column":2},"end":{"line":70,"column":null}},"37":{"start":{"line":70,"column":45},"end":{"line":70,"column":null}},"38":{"start":{"line":71,"column":2},"end":{"line":71,"column":null}},"39":{"start":{"line":75,"column":2},"end":{"line":75,"column":null}},"40":{"start":{"line":75,"column":16},"end":{"line":75,"column":null}},"41":{"start":{"line":76,"column":15},"end":{"line":76,"column":null}},"42":{"start":{"line":77,"column":2},"end":{"line":77,"column":null}},"43":{"start":{"line":77,"column":29},"end":{"line":77,"column":null}},"44":{"start":{"line":78,"column":2},"end":{"line":78,"column":null}}},"fnMap":{"0":{"name":"exportToExcel","decl":{"start":{"line":8,"column":16},"end":{"line":8,"column":30}},"loc":{"start":{"line":8,"column":95},"end":{"line":54,"column":null}},"line":8},"1":{"name":"(anonymous_1)","decl":{"start":{"line":11,"column":26},"end":{"line":11,"column":30}},"loc":{"start":{"line":11,"column":37},"end":{"line":11,"column":46}},"line":11},"2":{"name":"(anonymous_2)","decl":{"start":{"line":14,"column":7},"end":{"line":14,"column":15}},"loc":{"start":{"line":14,"column":22},"end":{"line":39,"column":3}},"line":14},"3":{"name":"(anonymous_3)","decl":{"start":{"line":15,"column":27},"end":{"line":15,"column":31}},"loc":{"start":{"line":15,"column":38},"end":{"line":37,"column":5}},"line":15},"4":{"name":"(anonymous_4)","decl":{"start":{"line":20,"column":22},"end":{"line":20,"column":30}},"loc":{"start":{"line":20,"column":56},"end":{"line":20,"column":68}},"line":20},"5":{"name":"formatDate","decl":{"start":{"line":56,"column":9},"end":{"line":56,"column":20}},"loc":{"start":{"line":56,"column":40},"end":{"line":59,"column":null}},"line":56},"6":{"name":"(anonymous_6)","decl":{"start":{"line":57,"column":8},"end":{"line":57,"column":15}},"loc":{"start":{"line":57,"column":29},"end":{"line":57,"column":null}},"line":57},"7":{"name":"exportTableData","decl":{"start":{"line":61,"column":16},"end":{"line":61,"column":32}},"loc":{"start":{"line":61,"column":106},"end":{"line":67,"column":null}},"line":61},"8":{"name":"(anonymous_8)","decl":{"start":{"line":62,"column":59},"end":{"line":62,"column":64}},"loc":{"start":{"line":62,"column":84},"end":{"line":65,"column":4}},"line":62},"9":{"name":"formatMoney","decl":{"start":{"line":69,"column":16},"end":{"line":69,"column":28}},"loc":{"start":{"line":69,"column":48},"end":{"line":72,"column":null}},"line":69},"10":{"name":"formatDateStr","decl":{"start":{"line":74,"column":16},"end":{"line":74,"column":30}},"loc":{"start":{"line":74,"column":74},"end":{"line":79,"column":null}},"line":74}},"branchMap":{"0":{"loc":{"start":{"line":8,"column":68},"end":{"line":8,"column":95}},"type":"default-arg","locations":[{"start":{"line":8,"column":79},"end":{"line":8,"column":95}}],"line":8},"1":{"loc":{"start":{"line":18,"column":6},"end":{"line":21,"column":null}},"type":"if","locations":[{"start":{"line":18,"column":6},"end":{"line":21,"column":null}},{"start":{},"end":{}}],"line":18},"2":{"loc":{"start":{"line":23,"column":6},"end":{"line":25,"column":null}},"type":"if","locations":[{"start":{"line":23,"column":6},"end":{"line":25,"column":null}},{"start":{},"end":{}}],"line":23},"3":{"loc":{"start":{"line":27,"column":6},"end":{"line":34,"column":null}},"type":"if","locations":[{"start":{"line":27,"column":6},"end":{"line":34,"column":null}},{"start":{"line":29,"column":13},"end":{"line":34,"column":null}}],"line":27},"4":{"loc":{"start":{"line":27,"column":10},"end":{"line":27,"column":49}},"type":"binary-expr","locations":[{"start":{"line":27,"column":10},"end":{"line":27,"column":28}},{"start":{"line":27,"column":28},"end":{"line":27,"column":49}}],"line":27},"5":{"loc":{"start":{"line":31,"column":8},"end":{"line":33,"column":null}},"type":"if","locations":[{"start":{"line":31,"column":8},"end":{"line":33,"column":null}},{"start":{},"end":{}}],"line":31},"6":{"loc":{"start":{"line":31,"column":12},"end":{"line":31,"column":80}},"type":"binary-expr","locations":[{"start":{"line":31,"column":12},"end":{"line":31,"column":35}},{"start":{"line":31,"column":35},"end":{"line":31,"column":58}},{"start":{"line":31,"column":58},"end":{"line":31,"column":80}}],"line":31},"7":{"loc":{"start":{"line":61,"column":79},"end":{"line":61,"column":106}},"type":"default-arg","locations":[{"start":{"line":61,"column":90},"end":{"line":61,"column":106}}],"line":61},"8":{"loc":{"start":{"line":70,"column":2},"end":{"line":70,"column":null}},"type":"if","locations":[{"start":{"line":70,"column":2},"end":{"line":70,"column":null}},{"start":{},"end":{}}],"line":70},"9":{"loc":{"start":{"line":70,"column":6},"end":{"line":70,"column":45}},"type":"binary-expr","locations":[{"start":{"line":70,"column":6},"end":{"line":70,"column":24}},{"start":{"line":70,"column":24},"end":{"line":70,"column":45}}],"line":70},"10":{"loc":{"start":{"line":75,"column":2},"end":{"line":75,"column":null}},"type":"if","locations":[{"start":{"line":75,"column":2},"end":{"line":75,"column":null}},{"start":{},"end":{}}],"line":75},"11":{"loc":{"start":{"line":77,"column":2},"end":{"line":77,"column":null}},"type":"if","locations":[{"start":{"line":77,"column":2},"end":{"line":77,"column":null}},{"start":{},"end":{}}],"line":77}},"s":{"0":4,"1":4,"2":6,"3":4,"4":4,"5":4,"6":7,"7":7,"8":0,"9":0,"10":0,"11":7,"12":1,"13":7,"14":0,"15":7,"16":7,"17":0,"18":7,"19":4,"20":4,"21":4,"22":4,"23":4,"24":4,"25":4,"26":4,"27":4,"28":4,"29":4,"30":4,"31":20,"32":4,"33":1,"34":2,"35":1,"36":6,"37":2,"38":4,"39":5,"40":3,"41":2,"42":2,"43":1,"44":1},"f":{"0":4,"1":6,"2":4,"3":7,"4":0,"5":4,"6":20,"7":1,"8":2,"9":6,"10":5},"b":{"0":[4],"1":[0,7],"2":[1,6],"3":[0,7],"4":[7,7],"5":[0,7],"6":[7,7,7],"7":[1],"8":[2,4],"9":[6,5],"10":[3,2],"11":[1,1]},"meta":{"lastBranch":12,"lastFunction":11,"lastStatement":45,"seen":{"f:8:16:8:30":0,"b:8:79:8:95":0,"s:9:19:9:Infinity":0,"s:11:18:11:Infinity":1,"f:11:26:11:30":1,"s:11:37:11:46":2,"s:12:2:12:Infinity":3,"s:14:2:39:Infinity":4,"f:14:7:14:15":2,"s:15:19:37:Infinity":5,"f:15:27:15:31":3,"s:16:23:16:Infinity":6,"b:18:6:21:Infinity:undefined:undefined:undefined:undefined":1,"s:18:6:21:Infinity":7,"s:19:22:19:Infinity":8,"s:20:8:20:Infinity":9,"f:20:22:20:30":4,"s:20:56:20:68":10,"b:23:6:25:Infinity:undefined:undefined:undefined:undefined":2,"s:23:6:25:Infinity":11,"s:24:8:24:Infinity":12,"b:27:6:34:Infinity:29:13:34:Infinity":3,"s:27:6:34:Infinity":13,"b:27:10:27:28:27:28:27:49":4,"s:28:8:28:Infinity":14,"s:30:8:30:Infinity":15,"b:31:8:33:Infinity:undefined:undefined:undefined:undefined":5,"s:31:8:33:Infinity":16,"b:31:12:31:35:31:35:31:58:31:58:31:80":6,"s:32:10:32:Infinity":17,"s:36:6:36:Infinity":18,"s:38:4:38:Infinity":19,"s:41:15:41:Infinity":20,"s:42:15:42:Infinity":21,"s:43:14:43:Infinity":22,"s:45:2:45:Infinity":23,"s:46:2:46:Infinity":24,"s:47:2:47:Infinity":25,"s:49:2:49:Infinity":26,"s:50:2:50:Infinity":27,"s:51:2:51:Infinity":28,"s:53:2:53:Infinity":29,"f:56:9:56:20":5,"s:57:8:57:Infinity":30,"f:57:8:57:15":6,"s:57:29:57:Infinity":31,"s:58:2:58:Infinity":32,"f:61:16:61:32":7,"b:61:90:61:106":7,"s:62:34:65:Infinity":33,"f:62:59:62:64":8,"s:62:84:65:4":34,"s:66:2:66:Infinity":35,"f:69:16:69:28":9,"b:70:2:70:Infinity:undefined:undefined:undefined:undefined":8,"s:70:2:70:Infinity":36,"b:70:6:70:24:70:24:70:45":9,"s:70:45:70:Infinity":37,"s:71:2:71:Infinity":38,"f:74:16:74:30":10,"b:75:2:75:Infinity:undefined:undefined:undefined:undefined":10,"s:75:2:75:Infinity":39,"s:75:16:75:Infinity":40,"s:76:15:76:Infinity":41,"b:77:2:77:Infinity:undefined:undefined:undefined:undefined":11,"s:77:2:77:Infinity":42,"s:77:29:77:Infinity":43,"s:78:2:78:Infinity":44}}}
,"/home/administrator/erp/frontend/src/utils/number.ts": {"path":"/home/administrator/erp/frontend/src/utils/number.ts","statementMap":{"0":{"start":{"line":2,"column":17},"end":{"line":2,"column":null}},"1":{"start":{"line":3,"column":2},"end":{"line":5,"column":null}},"2":{"start":{"line":4,"column":4},"end":{"line":4,"column":null}},"3":{"start":{"line":7,"column":2},"end":{"line":7,"column":null}},"4":{"start":{"line":11,"column":21},"end":{"line":11,"column":null}},"5":{"start":{"line":12,"column":22},"end":{"line":12,"column":null}},"6":{"start":{"line":14,"column":2},"end":{"line":16,"column":null}},"7":{"start":{"line":15,"column":4},"end":{"line":15,"column":null}},"8":{"start":{"line":18,"column":2},"end":{"line":18,"column":null}}},"fnMap":{"0":{"name":"toFixedSafe","decl":{"start":{"line":1,"column":16},"end":{"line":1,"column":28}},"loc":{"start":{"line":1,"column":79},"end":{"line":8,"column":null}},"line":1},"1":{"name":"subtractFixedSafe","decl":{"start":{"line":10,"column":16},"end":{"line":10,"column":34}},"loc":{"start":{"line":10,"column":96},"end":{"line":19,"column":null}},"line":10}},"branchMap":{"0":{"loc":{"start":{"line":1,"column":40},"end":{"line":1,"column":52}},"type":"default-arg","locations":[{"start":{"line":1,"column":49},"end":{"line":1,"column":52}}],"line":1},"1":{"loc":{"start":{"line":1,"column":52},"end":{"line":1,"column":79}},"type":"default-arg","locations":[{"start":{"line":1,"column":63},"end":{"line":1,"column":79}}],"line":1},"2":{"loc":{"start":{"line":2,"column":35},"end":{"line":2,"column":45}},"type":"binary-expr","locations":[{"start":{"line":2,"column":35},"end":{"line":2,"column":44}},{"start":{"line":2,"column":44},"end":{"line":2,"column":45}}],"line":2},"3":{"loc":{"start":{"line":3,"column":2},"end":{"line":5,"column":null}},"type":"if","locations":[{"start":{"line":3,"column":2},"end":{"line":5,"column":null}},{"start":{},"end":{}}],"line":3},"4":{"loc":{"start":{"line":10,"column":57},"end":{"line":10,"column":69}},"type":"default-arg","locations":[{"start":{"line":10,"column":66},"end":{"line":10,"column":69}}],"line":10},"5":{"loc":{"start":{"line":10,"column":69},"end":{"line":10,"column":96}},"type":"default-arg","locations":[{"start":{"line":10,"column":80},"end":{"line":10,"column":96}}],"line":10},"6":{"loc":{"start":{"line":11,"column":39},"end":{"line":11,"column":48}},"type":"binary-expr","locations":[{"start":{"line":11,"column":39},"end":{"line":11,"column":47}},{"start":{"line":11,"column":47},"end":{"line":11,"column":48}}],"line":11},"7":{"loc":{"start":{"line":12,"column":40},"end":{"line":12,"column":50}},"type":"binary-expr","locations":[{"start":{"line":12,"column":40},"end":{"line":12,"column":49}},{"start":{"line":12,"column":49},"end":{"line":12,"column":50}}],"line":12},"8":{"loc":{"start":{"line":14,"column":2},"end":{"line":16,"column":null}},"type":"if","locations":[{"start":{"line":14,"column":2},"end":{"line":16,"column":null}},{"start":{},"end":{}}],"line":14},"9":{"loc":{"start":{"line":14,"column":6},"end":{"line":14,"column":69}},"type":"binary-expr","locations":[{"start":{"line":14,"column":6},"end":{"line":14,"column":38}},{"start":{"line":14,"column":38},"end":{"line":14,"column":69}}],"line":14}},"s":{"0":11,"1":11,"2":3,"3":8,"4":8,"5":8,"6":8,"7":2,"8":6},"f":{"0":11,"1":8},"b":{"0":[11],"1":[11],"2":[11,2],"3":[3,8],"4":[8],"5":[8],"6":[8,1],"7":[8,1],"8":[2,6],"9":[8,6]},"meta":{"lastBranch":10,"lastFunction":2,"lastStatement":9,"seen":{"f:1:16:1:28":0,"b:1:49:1:52":0,"b:1:63:1:79":1,"s:2:17:2:Infinity":0,"b:2:35:2:44:2:44:2:45":2,"b:3:2:5:Infinity:undefined:undefined:undefined:undefined":3,"s:3:2:5:Infinity":1,"s:4:4:4:Infinity":2,"s:7:2:7:Infinity":3,"f:10:16:10:34":1,"b:10:66:10:69":4,"b:10:80:10:96":5,"s:11:21:11:Infinity":4,"b:11:39:11:47:11:47:11:48":6,"s:12:22:12:Infinity":5,"b:12:40:12:49:12:49:12:50":7,"b:14:2:16:Infinity:undefined:undefined:undefined:undefined":8,"s:14:2:16:Infinity":6,"b:14:6:14:38:14:38:14:69":9,"s:15:4:15:Infinity":7,"s:18:2:18:Infinity":8}}}
[...]
:13},"end":{"line":132,"column":null}}],"line":126},"15":{"loc":{"start":{"line":128,"column":13},"end":{"line":132,"column":null}},"type":"if","locations":[{"start":{"line":128,"column":13},"end":{"line":132,"column":null}},{"start":{"line":130,"column":13},"end":{"line":132,"column":null}}],"line":128},"16":{"loc":{"start":{"line":131,"column":24},"end":{"line":131,"column":61}},"type":"binary-expr","locations":[{"start":{"line":131,"column":24},"end":{"line":131,"column":40}},{"start":{"line":131,"column":40},"end":{"line":131,"column":55}},{"start":{"line":131,"column":55},"end":{"line":131,"column":61}}],"line":131}},"s":{"0":1,"1":1,"2":1,"3":1,"4":0,"5":0,"6":0,"7":0,"8":0,"9":0,"10":0,"11":0,"12":0,"13":0,"14":0,"15":0,"16":1,"17":0,"18":0,"19":0,"20":0,"21":0,"22":1,"23":0,"24":0,"25":0,"26":0,"27":0,"28":1,"29":0,"30":0,"31":0,"32":0,"33":0,"34":0,"35":0,"36":0,"37":0,"38":0,"39":0,"40":0,"41":0,"42":0,"43":0,"44":0,"45":0,"46":0,"47":0,"48":0,"49":0,"50":0,"51":0,"52":0,"53":0,"54":0,"55":0,"56":0,"57":0,"58":0,"59":0,"60":0,"61":0,"62":0,"63":0,"64":0,"65":0,"66":0,"67":0,"68":0,"69":0,"70":0,"71":0,"72":0,"73":0},"f":{"0":0,"1":0,"2":0,"3":0,"4":0,"5":0,"6":0,"7":0,"8":0,"9":0,"10":0},"b":{"0":[0,0],"1":[0,0],"2":[0,0],"3":[0,0],"4":[0],"5":[0,0],"6":[0,0],"7":[0,0],"8":[0,0],"9":[0,0],"10":[0,0],"11":[0,0],"12":[0,0],"13":[0,0],"14":[0,0],"15":[0,0],"16":[0,0,0]},"meta":{"lastBranch":17,"lastFunction":11,"lastStatement":74,"seen":{"s:10:16:13:Infinity":0,"s:15:19:15:Infinity":1,"s:16:31:16:Infinity":2,"s:18:24:41:Infinity":3,"f:18:24:18:31":0,"s:19:2:40:Infinity":4,"s:20:21:24:Infinity":5,"s:25:20:25:Infinity":6,"b:25:20:25:43:25:43:25:Infinity":0,"s:26:55:29:Infinity":7,"s:30:22:30:Infinity":8,"s:31:28:31:Infinity":9,"s:33:4:33:Infinity":10,"s:34:4:34:Infinity":11,"b:34:35:34:58:34:58:34:60":1,"s:35:4:35:Infinity":12,"b:35:29:35:46:35:46:35:48":2,"s:36:4:36:Infinity":13,"b:36:34:36:57:36:57:36:59":3,"s:37:4:37:Infinity":14,"s:39:4:39:Infinity":15,"s:43:6:52:Infinity":16,"f:43:6:43:22":1,"b:43:57:43:72":4,"s:44:2:50:Infinity":17,"f:44:14:44:22":2,"b:45:4:49:Infinity:47:11:49:Infinity":5,"s:45:4:49:Infinity":18,"s:46:6:46:Infinity":19,"s:48:6:48:Infinity":20,"s:51:2:51:Infinity":21,"s:54:0:65:Infinity":22,"f:54:29:54:Infinity":3,"s:56:18:56:Infinity":23,"b:57:4:59:Infinity:undefined:undefined:undefined:undefined":6,"s:57:4:59:Infinity":24,"s:58:6:58:Infinity":25,"s:60:4:60:Infinity":26,"f:61:2:61:Infinity":4,"s:63:4:63:Infinity":27,"s:67:0:139:Infinity":28,"f:67:30:67:Infinity":5,"b:69:4:71:Infinity:undefined:undefined:undefined:undefined":7,"s:69:4:71:Infinity":29,"s:70:6:70:Infinity":30,"s:72:4:72:Infinity":31,"f:74:2:74:8":6,"s:75:28:75:Infinity":32,"b:77:4:135:Infinity:133:11:135:Infinity":8,"s:77:4:135:Infinity":33,"s:78:31:78:Infinity":34,"b:80:6:132:Infinity:124:13:132:Infinity":9,"s:80:6:132:Infinity":35,"b:80:10:80:28:80:28:80:53":10,"s:81:29:81:Infinity":36,"b:83:8:88:Infinity:undefined:undefined:undefined:undefined":11,"s:83:8:88:Infinity":37,"s:84:10:84:Infinity":38,"s:85:10:85:Infinity":39,"s:86:10:86:Infinity":40,"s:87:10:87:Infinity":41,"b:90:8:97:Infinity:undefined:undefined:undefined:undefined":12,"s:90:8:97:Infinity":42,"s:91:10:96:Infinity":43,"f:91:21:91:38":7,"s:92:12:92:Infinity":44,"f:93:13:93:18":8,"s:94:12:94:Infinity":45,"s:95:12:95:Infinity":46,"f:96:13:96:19":9,"s:96:26:96:45":47,"s:99:8:99:Infinity":48,"s:100:8:100:Infinity":49,"s:102:8:123:Infinity":50,"s:103:27:105:Infinity":51,"s:107:29:107:Infinity":52,"s:108:10:108:Infinity":53,"s:109:10:109:Infinity":54,"s:111:10:111:Infinity":55,"s:113:10:113:Infinity":56,"s:114:10:114:Infinity":57,"s:116:10:116:Infinity":58,"s:117:10:117:Infinity":59,"s:118:10:118:Infinity":60,"s:119:10:119:Infinity":61,"s:120:10:120:Infinity":62,"s:122:10:122:Infinity":63,"b:124:13:132:Infinity:126:13:132:Infinity":13,"s:124:13:132:Infinity":64,"s:125:8:125:Infinity":65,"b:126:13:132:Infinity:128:13:132:Infinity":14,"s:126:13:132:Infinity":66,"s:127:8:127:Infinity":67,"b:128:13:132:Infinity:130:13:132:Infinity":15,"s:128:13:132:Infinity":68,"s:129:8:129:Infinity":69,"s:131:8:131:Infinity":70,"b:131:24:131:40:131:40:131:55:131:55:131:61":16,"s:134:6:134:Infinity":71,"s:137:4:137:Infinity":72,"f:143:16:143:33":10,"s:144:2:144:Infinity":73}}}
,"/home/administrator/erp/frontend/src/utils/websocket.ts": {"path":"/home/administrator/erp/frontend/src/utils/websocket.ts","statementMap":{"0":{"start":{"line":4,"column":33},"end":{"line":4,"column":null}},"1":{"start":{"line":5,"column":30},"end":{"line":5,"column":null}},"2":{"start":{"line":6,"column":33},"end":{"line":6,"column":null}},"3":{"start":{"line":7,"column":27},"end":{"line":7,"column":null}},"4":{"start":{"line":8,"column":64},"end":{"line":8,"column":null}},"5":{"start":{"line":9,"column":55},"end":{"line":15,"column":null}},"6":{"start":{"line":18,"column":18},"end":{"line":18,"column":null}},"7":{"start":{"line":19,"column":4},"end":{"line":22,"column":null}},"8":{"start":{"line":20,"column":6},"end":{"line":20,"column":null}},"9":{"start":{"line":21,"column":6},"end":{"line":21,"column":null}},"10":{"start":{"line":24,"column":21},"end":{"line":24,"column":null}},"11":{"start":{"line":25,"column":17},"end":{"line":25,"column":null}},"12":{"start":{"line":26,"column":18},"end":{"line":26,"column":null}},"13":{"start":{"line":28,"column":4},"end":{"line":58,"column":null}},"14":{"start":{"line":29,"column":6},"end":{"line":29,"column":null}},"15":{"start":{"line":31,"column":6},"end":{"line":35,"column":null}},"16":{"start":{"line":32,"column":8},"end":{"line":32,"column":null}},"17":{"start":{"line":33,"column":8},"end":{"line":33,"column":null}},"18":{"start":{"line":34,"column":8},"end":{"line":34,"column":null}},"19":{"start":{"line":37,"column":6},"end":{"line":44,"column":null}},"20":{"start":{"line":38,"column":8},"end":{"line":43,"column":null}},"21":{"start":{"line":39,"column":23},"end":{"line":39,"column":null}},"22":{"start":{"line":40,"column":10},"end":{"line":40,"column":null}},"23":{"start":{"line":42,"column":10},"end":{"line":42,"column":null}},"24":{"start":{"line":46,"column":6},"end":{"line":49,"column":null}},"25":{"start":{"line":47,"column":8},"end":{"line":47,"column":null}},"26":{"start":{"line":48,"column":8},"end":{"line":48,"column":null}},"27":{"start":{"line":51,"column":6},"end":{"line":54,"column":null}},"28":{"start":{"line":52,"column":8},"end":{"line":52,"column":null}},"29":{"start":{"line":53,"column":8},"end":{"line":53,"column":null}},"30":{"start":{"line":56,"column":6},"end":{"line":56,"column":null}},"31":{"start":{"line":57,"column":6},"end":{"line":57,"column":null}},"32":{"start":{"line":62,"column":21},"end":{"line":62,"column":null}},"33":{"start":{"line":64,"column":4},"end":{"line":79,"column":null}},"34":{"start":{"line":66,"column":8},"end":{"line":66,"column":null}},"35":{"start":{"line":68,"column":8},"end":{"line":68,"column":null}},"36":{"start":{"line":69,"column":8},"end":{"line":69,"column":null}},"37":{"start":{"line":71,"column":8},"end":{"line":71,"column":null}},"38":{"start":{"line":72,"column":8},"end":{"line":72,"column":null}},"39":{"start":{"line":75,"column":8},"end":{"line":75,"column":null}},"40":{"start":{"line":76,"column":8},"end":{"line":76,"column":null}},"41":{"start":{"line":78,"column":8},"end":{"line":78,"column":null}},"42":{"start":{"line":83,"column":4},"end":{"line":85,"column":null}},"43":{"start":{"line":84,"column":6},"end":{"line":84,"column":null}},"44":{"start":{"line":89,"column":4},"end":{"line":91,"column":null}},"45":{"start":{"line":90,"column":6},"end":{"line":90,"column":null}},"46":{"start":{"line":93,"column":4},"end":{"line":98,"column":null}},"47":{"start":{"line":94,"column":6},"end":{"line":97,"column":null}},"48":{"start":{"line":102,"column":4},"end":{"line":107,"column":null}},"49":{"start":{"line":103,"column":6},"end":{"line":103,"column":null}},"50":{"start":{"line":104,"column":6},"end":{"line":106,"column":null}},"51":{"start":{"line":105,"column":8},"end":{"line":105,"column":null}},"52":{"start":{"line":111,"column":4},"end":{"line":113,"column":null}},"53":{"start":{"line":112,"column":6},"end":{"line":112,"column":null}},"54":{"start":{"line":114,"column":4},"end":{"line":114,"column":null}},"55":{"start":{"line":118,"column":4},"end":{"line":120,"column":null}},"56":{"start":{"line":119,"column":6},"end":{"line":119,"column":null}},"57":{"start":{"line":119,"column":65},"end":{"line":119,"column":80}},"58":{"start":{"line":124,"column":4},"end":{"line":132,"column":null}},"59":{"start":{"line":125,"column":6},"end":{"line":131,"column":null}},"60":{"start":{"line":126,"column":8},"end":{"line":130,"column":null}},"61":{"start":{"line":127,"column":10},"end":{"line":127,"column":null}},"62":{"start":{"line":129,"column":10},"end":{"line":129,"column":null}},"63":{"start":{"line":136,"column":4},"end":{"line":138,"column":null}},"64":{"start":{"line":137,"column":6},"end":{"line":137,"column":null}},"65":{"start":{"line":140,"column":4},"end":{"line":143,"column":null}},"66":{"start":{"line":141,"column":6},"end":{"line":141,"column":null}},"67":{"start":{"line":142,"column":6},"end":{"line":142,"column":null}},"68":{"start":{"line":147,"column":4},"end":{"line":150,"column":null}},"69":{"start":{"line":154,"column":4},"end":{"line":156,"column":null}},"70":{"start":{"line":160,"column":18},"end":{"line":160,"column":null}}},"fnMap":{"0":{"name":"(anonymous_0)","decl":{"start":{"line":17,"column":2},"end":{"line":17,"column":10}},"loc":{"start":{"line":17,"column":44},"end":{"line":59,"column":null}},"line":17},"1":{"name":"(anonymous_1)","decl":{"start":{"line":31,"column":14},"end":{"line":31,"column":29}},"loc":{"start":{"line":31,"column":29},"end":{"line":35,"column":null}},"line":31},"2":{"name":"(anonymous_2)","decl":{"start":{"line":37,"column":14},"end":{"line":37,"column":27}},"loc":{"start":{"line":37,"column":51},"end":{"line":44,"column":null}},"line":37},"3":{"name":"(anonymous_3)","decl":{"start":{"line":46,"column":14},"end":{"line":46,"column":25}},"loc":{"start":{"line":46,"column":42},"end":{"line":49,"column":null}},"line":46},"4":{"name":"(anonymous_4)","decl":{"start":{"line":51,"column":14},"end":{"line":51,"column":30}},"loc":{"start":{"line":51,"column":30},"end":{"line":54,"column":null}},"line":51},"5":{"name":"(anonymous_5)","decl":{"start":{"line":61,"column":2},"end":{"line":61,"column":10}},"loc":{"start":{"line":61,"column":84},"end":{"line":80,"column":null}},"line":61},"6":{"name":"(anonymous_6)","decl":{"start":{"line":82,"column":2},"end":{"line":82,"column":7}},"loc":{"start":{"line":82,"column":24},"end":{"line":86,"column":null}},"line":82},"7":{"name":"(anonymous_7)","decl":{"start":{"line":88,"column":2},"end":{"line":88,"column":10}},"loc":{"start":{"line":88,"column":32},"end":{"line":99,"column":null}},"line":88},"8":{"name":"(anonymous_8)","decl":{"start":{"line":93,"column":24},"end":{"line":93,"column":42}},"loc":{"start":{"line":93,"column":42},"end":{"line":98,"column":7}},"line":93},"9":{"name":"(anonymous_9)","decl":{"start":{"line":101,"column":2},"end":{"line":101,"column":10}},"loc":{"start":{"line":101,"column":51},"end":{"line":108,"column":null}},"line":101},"10":{"name":"(anonymous_10)","decl":{"start":{"line":104,"column":6},"end":{"line":104,"column":23}},"loc":{"start":{"line":104,"column":23},"end":{"line":106,"column":9}},"line":104},"11":{"name":"(anonymous_11)","decl":{"start":{"line":110,"column":2},"end":{"line":110,"column":5}},"loc":{"start":{"line":110,"column":51},"end":{"line":115,"column":null}},"line":110},"12":{"name":"(anonymous_12)","decl":{"start":{"line":117,"column":2},"end":{"line":117,"column":6}},"loc":{"start":{"line":117,"column":52},"end":{"line":121,"column":null}},"line":117},"13":{"name":"(anonymous_13)","decl":{"start":{"line":119,"column":52},"end":{"line":119,"column":59}},"loc":{"start":{"line":119,"column":65},"end":{"line":119,"column":80}},"line":119},"14":{"name":"(anonymous_14)","decl":{"start":{"line":123,"column":2},"end":{"line":123,"column":10}},"loc":{"start":{"line":123,"column":47},"end":{"line":133,"column":null}},"line":123},"15":{"name":"(anonymous_15)","decl":{"start":{"line":125,"column":28},"end":{"line":125,"column":36}},"loc":{"start":{"line":125,"column":48},"end":{"line":131,"column":7}},"line":125},"16":{"name":"(anonymous_16)","decl":{"start":{"line":135,"column":2},"end":{"line":135,"column":21}},"loc":{"start":{"line":135,"column":21},"end":{"line":144,"column":null}},"line":135},"17":{"name":"(anonymous_17)","decl":{"start":{"line":146,"column":2},"end":{"line":146,"column":23}},"loc":{"start":{"line":146,"column":53},"end":{"line":151,"column":null}},"line":146},"18":{"name":"(anonymous_18)","decl":{"start":{"line":153,"column":2},"end":{"line":153,"column":27}},"loc":{"start":{"line":153,"column":27},"end":{"line":157,"column":null}},"line":153}},"branchMap":{"0":{"loc":{"start":{"line":17,"column":10},"end":{"line":17,"column":44}},"type":"default-arg","locations":[{"start":{"line":17,"column":21},"end":{"line":17,"column":44}}],"line":17},"1":{"loc":{"start":{"line":19,"column":4},"end":{"line":22,"column":null}},"type":"if","locations":[{"start":{"line":19,"column":4},"end":{"line":22,"column":null}},{"start":{},"end":{}}],"line":19},"2":{"loc":{"start":{"line":24,"column":21},"end":{"line":24,"column":null}},"type":"cond-expr","locations":[{"start":{"line":24,"column":61},"end":{"line":24,"column":70}},{"start":{"line":24,"column":70},"end":{"line":24,"column":null}}],"line":24},"3":{"loc":{"start":{"line":25,"column":17},"end":{"line":25,"column":null}},"type":"binary-expr","locations":[{"start":{"line":25,"column":17},"end":{"line":25,"column":41}},{"start":{"line":25,"column":41},"end":{"line":25,"column":null}}],"line":25},"4":{"loc":{"start":{"line":64,"column":4},"end":{"line":79,"column":null}},"type":"switch","locations":[{"start":{"line":65,"column":6},"end":{"line":66,"column":null}},{"start":{"line":67,"column":6},"end":{"line":69,"column":null}},{"start":{"line":70,"column":6},"end":{"line":72,"column":null}},{"start":{"line":73,"column":6},"end":{"line":73,"column":null}},{"start":{"line":74,"column":6},"end":{"line":76,"column":null}},{"start":{"line":77,"column":6},"end":{"line":78,"column":null}}],"line":64},"5":{"loc":{"start":{"line":83,"column":4},"end":{"line":85,"column":null}},"type":"if","locations":[{"start":{"line":83,"column":4},"end":{"line":85,"column":null}},{"start":{},"end":{}}],"line":83},"6":{"loc":{"start":{"line":83,"column":8},"end":{"line":83,"column":58}},"type":"binary-expr","locations":[{"start":{"line":83,"column":8},"end":{"line":83,"column":19}},{"start":{"line":83,"column":19},"end":{"line":83,"column":58}}],"line":83},"7":{"loc":{"start":{"line":89,"column":4},"end":{"line":91,"column":null}},"type":"if","locations":[{"start":{"line":89,"column":4},"end":{"line":91,"column":null}},{"start":{},"end":{}}],"line":89},"8":{"loc":{"start":{"line":102,"column":4},"end":{"line":107,"column":null}},"type":"if","locations":[{"start":{"line":102,"column":4},"end":{"line":107,"column":null}},{"start":{},"end":{}}],"line":102},"9":{"loc":{"start":{"line":111,"column":4},"end":{"line":113,"column":null}},"type":"if","locations":[{"start":{"line":111,"column":4},"end":{"line":113,"column":null}},{"start":{},"end":{}}],"line":111},"10":{"loc":{"start":{"line":118,"column":4},"end":{"line":120,"column":null}},"type":"if","locations":[{"start":{"line":118,"column":4},"end":{"line":120,"column":null}},{"start":{},"end":{}}],"line":118},"11":{"loc":{"start":{"line":124,"column":4},"end":{"line":132,"column":null}},"type":"if","locations":[{"start":{"line":124,"column":4},"end":{"line":132,"column":null}},{"start":{},"end":{}}],"line":124},"12":{"loc":{"start":{"line":136,"column":4},"end":{"line":138,"column":null}},"type":"if","locations":[{"start":{"line":136,"column":4},"end":{"line":138,"column":null}},{"start":{},"end":{}}],"line":136},"13":{"loc":{"start":{"line":140,"column":4},"end":{"line":143,"column":null}},"type":"if","locations":[{"start":{"line":140,"column":4},"end":{"line":143,"column":null}},{"start":{},"end":{}}],"line":140}},"s":{"0":0,"1":0,"2":0,"3":0,"4":0,"5":0,"6":0,"7":0,"8":0,"9":0,"10":0,"11":0,"12":0,"13":0,"14":0,"15":0,"16":0,"17":0,"18":0,"19":0,"20":0,"21":0,"22":0,"23":0,"24":0,"25":0,"26":0,"27":0,"28":0,"29":0,"30":0,"31":0,"32":0,"33":0,"34":0,"35":0,"36":0,"37":0,"38":0,"39":0,"40":0,"41":0,"42":0,"43":0,"44":0,"45":0,"46":0,"47":0,"48":0,"49":0,"50":0,"51":0,"52":0,"53":0,"54":0,"55":0,"56":0,"57":0,"58":0,"59":0,"60":0,"61":0,"62":0,"63":0,"64":0,"65":0,"66":0,"67":0,"68":0,"69":0,"70":0},"f":{"0":0,"1":0,"2":0,"3":0,"4":0,"5":0,"6":0,"7":0,"8":0,"9":0,"10":0,"11":0,"12":0,"13":0,"14":0,"15":0,"16":0,"17":0,"18":0},"b":{"0":[0],"1":[0,0],"2":[0,0],"3":[0,0],"4":[0,0,0,0,0,0],"5":[0,0],"6":[0,0],"7":[0,0],"8":[0,0],"9":[0,0],"10":[0,0],"11":[0,0],"12":[0,0],"13":[0,0]},"meta":{"lastBranch":14,"lastFunction":19,"lastStatement":71,"seen":{"s:4:33:4:Infinity":0,"s:5:30:5:Infinity":1,"s:6:33:6:Infinity":2,"s:7:27:7:Infinity":3,"s:8:64:8:Infinity":4,"s:9:55:15:Infinity":5,"f:17:2:17:10":0,"b:17:21:17:44":0,"s:18:18:18:Infinity":6,"b:19:4:22:Infinity:undefined:undefined:undefined:undefined":1,"s:19:4:22:Infinity":7,"s:20:6:20:Infinity":8,"s:21:6:21:Infinity":9,"s:24:21:24:Infinity":10,"b:24:61:24:70:24:70:24:Infinity":2,"s:25:17:25:Infinity":11,"b:25:17:25:41:25:41:25:Infinity":3,"s:26:18:26:Infinity":12,"s:28:4:58:Infinity":13,"s:29:6:29:Infinity":14,"s:31:6:35:Infinity":15,"f:31:14:31:29":1,"s:32:8:32:Infinity":16,"s:33:8:33:Infinity":17,"s:34:8:34:Infinity":18,"s:37:6:44:Infinity":19,"f:37:14:37:27":2,"s:38:8:43:Infinity":20,"s:39:23:39:Infinity":21,"s:40:10:40:Infinity":22,"s:42:10:42:Infinity":23,"s:46:6:49:Infinity":24,"f:46:14:46:25":3,"s:47:8:47:Infinity":25,"s:48:8:48:Infinity":26,"s:51:6:54:Infinity":27,"f:51:14:51:30":4,"s:52:8:52:Infinity":28,"s:53:8:53:Infinity":29,"s:56:6:56:Infinity":30,"s:57:6:57:Infinity":31,"f:61:2:61:10":5,"s:62:21:62:Infinity":32,"b:65:6:66:Infinity:67:6:69:Infinity:70:6:72:Infinity:73:6:73:Infinity:74:6:76:Infinity:77:6:78:Infinity":4,"s:64:4:79:Infinity":33,"s:66:8:66:Infinity":34,"s:68:8:68:Infinity":35,"s:69:8:69:Infinity":36,"s:71:8:71:Infinity":37,"s:72:8:72:Infinity":38,"s:75:8:75:Infinity":39,"s:76:8:76:Infinity":40,"s:78:8:78:Infinity":41,"f:82:2:82:7":6,"b:83:4:85:Infinity:undefined:undefined:undefined:undefined":5,"s:83:4:85:Infinity":42,"b:83:8:83:19:83:19:83:58":6,"s:84:6:84:Infinity":43,"f:88:2:88:10":7,"b:89:4:91:Infinity:undefined:undefined:undefined:undefined":7,"s:89:4:91:Infinity":44,"s:90:6:90:Infinity":45,"s:93:4:98:Infinity":46,"f:93:24:93:42":8,"s:94:6:97:Infinity":47,"f:101:2:101:10":9,"b:102:4:107:Infinity:undefined:undefined:undefined:undefined":8,"s:102:4:107:Infinity":48,"s:103:6:103:Infinity":49,"s:104:6:106:Infinity":50,"f:104:6:104:23":10,"s:105:8:105:Infinity":51,"f:110:2:110:5":11,"b:111:4:113:Infinity:undefined:undefined:undefined:undefined":9,"s:111:4:113:Infinity":52,"s:112:6:112:Infinity":53,"s:114:4:114:Infinity":54,"f:117:2:117:6":12,"b:118:4:120:Infinity:undefined:undefined:undefined:undefined":10,"s:118:4:120:Infinity":55,"s:119:6:119:Infinity":56,"f:119:52:119:59":13,"s:119:65:119:80":57,"f:123:2:123:10":14,"b:124:4:132:Infinity:undefined:undefined:undefined:undefined":11,"s:124:4:132:Infinity":58,"s:125:6:131:Infinity":59,"f:125:28:125:36":15,"s:126:8:130:Infinity":60,"s:127:10:127:Infinity":61,"s:129:10:129:Infinity":62,"f:135:2:135:21":16,"b:136:4:138:Infinity:undefined:undefined:undefined:undefined":12,"s:136:4:138:Infinity":63,"s:137:6:137:Infinity":64,"b:140:4:143:Infinity:undefined:undefined:undefined:undefined":13,"s:140:4:143:Infinity":65,"s:141:6:141:Infinity":66,"s:142:6:142:Infinity":67,"f:146:2:146:23":17,"s:147:4:150:Infinity":68,"f:153:2:153:27":18,"s:154:4:156:Infinity":69,"s:160:18:160:Infinity":70}}}
}
